2018-12-01 14:31:20 访问init_action模块
2018-12-01 14:31:20 访问main模块
2018-12-01 14:31:20 访问is_symbol模块
2018-12-01 14:31:20 访问is_symbol模块
2018-12-01 14:31:20 访问is_symbol模块
2018-12-01 14:31:20 访问is_symbol模块
2018-12-01 14:31:20 访问prioitry模块
2018-12-01 14:31:20 访问is_symbol模块
2018-12-01 14:31:20 访问prioitry模块
2018-12-01 14:31:20 访问is_symbol模块
2018-12-01 14:31:20 访问prioitry模块
2018-12-01 14:31:20 访问is_symbol模块
2018-12-01 14:31:20 访问is_symbol模块
2018-12-01 14:31:20 访问prioitry模块
2018-12-01 14:31:20 访问is_symbol模块
2018-12-01 14:31:20 访问is_symbol模块
2018-12-01 14:31:20 访问prioitry模块
2018-12-01 14:31:20 访问calculate模块
2018-12-01 14:31:20 访问prioitry模块
2018-12-01 14:31:20 访问is_symbol模块
2018-12-01 14:31:20 访问prioitry模块
2018-12-01 14:31:20 访问is_symbol模块
2018-12-01 14:31:20 访问is_symbol模块
2018-12-01 14:31:20 访问prioitry模块
2018-12-01 14:31:20 访问is_symbol模块
2018-12-01 14:31:20 访问is_symbol模块
2018-12-01 14:31:20 访问prioitry模块
2018-12-01 14:31:20 访问calculate模块
2018-12-01 14:31:20 访问prioitry模块
2018-12-01 14:31:20 访问is_symbol模块
2018-12-01 14:31:20 访问prioitry模块
2018-12-01 14:31:20 访问is_symbol模块
2018-12-01 14:31:20 访问prioitry模块
2018-12-01 14:31:20 访问is_symbol模块
2018-12-01 14:31:20 访问is_symbol模块
2018-12-01 14:31:20 访问prioitry模块
2018-12-01 14:31:20 访问is_symbol模块
2018-12-01 14:31:20 访问is_symbol模块
2018-12-01 14:31:20 访问prioitry模块
2018-12-01 14:31:20 访问is_symbol模块
2018-12-01 14:31:20 访问is_symbol模块
2018-12-01 14:31:20 访问prioitry模块
2018-12-01 14:31:20 访问calculate模块
2018-12-01 14:31:20 访问prioitry模块
2018-12-01 14:31:20 访问is_symbol模块
2018-12-01 14:31:20 访问is_symbol模块
2018-12-01 14:31:20 访问prioitry模块
2018-12-01 14:31:20 访问calculate模块
2018-12-01 14:31:20 访问prioitry模块
2018-12-01 14:31:20 访问calculate模块
2018-12-01 14:31:20 访问prioitry模块
2018-12-01 14:31:20 访问is_symbol模块
2018-12-01 14:31:20 访问is_symbol模块
2018-12-01 14:31:20 访问prioitry模块
2018-12-01 14:31:20 访问is_symbol模块
2018-12-01 14:31:20 访问is_symbol模块
2018-12-01 14:31:20 访问prioitry模块
2018-12-01 14:31:20 访问calculate模块
2018-12-01 14:31:20 访问prioitry模块
2018-12-01 14:31:20 访问is_symbol模块
2018-12-01 14:31:20 访问is_symbol模块
2018-12-01 14:31:20 访问prioitry模块
2018-12-01 14:31:20 访问calculate模块
2018-12-01 14:31:20 访问prioitry模块
2018-12-01 14:31:20 访问is_symbol模块
2018-12-01 14:31:20 访问is_symbol模块
2018-12-01 14:31:20 访问prioitry模块
2018-12-01 14:31:20 访问calculate模块
2018-12-01 14:31:20 访问prioitry模块
2018-12-01 14:31:20 访问is_symbol模块
2018-12-01 14:31:20 访问is_symbol模块
2018-12-01 14:31:20 访问prioitry模块
2018-12-01 14:31:20 访问calculate模块
2018-12-01 14:31:20 访问prioitry模块
2018-12-01 14:31:20 访问calculate模块
2018-12-01 14:31:20 访问prioitry模块
2018-12-01 14:31:20 访问is_symbol模块
2018-12-01 14:31:20 访问is_symbol模块
2018-12-01 14:31:20 访问prioitry模块
2018-12-01 14:31:20 访问is_symbol模块
2018-12-01 14:31:20 访问is_symbol模块
2018-12-01 14:31:20 访问prioitry模块
2018-12-01 14:31:20 访问calculate模块
2018-12-01 14:31:20 访问prioitry模块
2018-12-01 14:31:20 访问is_symbol模块
2018-12-01 14:31:20 访问is_symbol模块
2018-12-01 14:31:20 访问prioitry模块
2018-12-01 14:31:20 访问calculate模块
2018-12-01 14:31:20 访问prioitry模块
2018-12-01 14:31:20 访问calculate模块
2018-12-01 14:31:20 访问prioitry模块
2018-12-01 14:31:20 访问is_symbol模块
2018-12-01 14:31:20 访问prioitry模块
2018-12-01 14:31:20 访问calculate模块
2018-12-01 14:31:20 访问prioitry模块
2018-12-01 14:31:20 访问calculate模块
2018-12-01 14:31:20 访问prioitry模块
2018-12-01 14:31:20 访问is_symbol模块
2018-12-01 14:31:20 访问prioitry模块
2018-12-01 14:31:20 访问is_symbol模块
2018-12-01 14:31:20 访问prioitry模块
2018-12-01 14:31:20 访问is_symbol模块
2018-12-01 14:31:20 访问is_symbol模块
2018-12-01 14:31:20 访问prioitry模块
2018-12-01 14:31:20 访问is_symbol模块
2018-12-01 14:31:20 访问is_symbol模块
2018-12-01 14:31:20 访问prioitry模块
2018-12-01 14:31:20 访问calculate模块
2018-12-01 14:31:20 访问prioitry模块
2018-12-01 14:31:20 访问is_symbol模块
2018-12-01 14:31:20 访问prioitry模块
2018-12-01 14:31:20 访问is_symbol模块
2018-12-01 14:31:20 访问prioitry模块
2018-12-01 14:31:20 访问is_symbol模块
2018-12-01 14:31:20 访问is_symbol模块
2018-12-01 14:31:20 访问prioitry模块
2018-12-01 14:31:20 访问is_symbol模块
2018-12-01 14:31:20 访问is_symbol模块
2018-12-01 14:31:20 访问prioitry模块
2018-12-01 14:31:20 访问is_symbol模块
2018-12-01 14:31:20 访问is_symbol模块
2018-12-01 14:31:20 访问prioitry模块
2018-12-01 14:31:20 访问calculate模块
2018-12-01 14:31:20 访问prioitry模块
2018-12-01 14:31:20 访问calculate模块
2018-12-01 14:31:20 访问prioitry模块
2018-12-01 14:31:20 访问is_symbol模块
2018-12-01 14:31:20 访问prioitry模块
2018-12-01 14:31:20 访问calculate模块
2018-12-01 14:31:20 访问prioitry模块
2018-12-01 14:31:20 访问calculate模块
2018-12-01 14:31:20 访问prioitry模块
2018-12-01 14:31:20 访问calculate模块
2018-12-01 14:31:20 访问calculate模块
2018-12-01 14:31:40 访问init_action模块
2018-12-01 14:31:40 访问main模块
2018-12-01 14:31:40 访问is_symbol模块
2018-12-01 14:31:40 访问is_symbol模块
2018-12-01 14:31:40 访问is_symbol模块
2018-12-01 14:31:40 访问is_symbol模块
2018-12-01 14:31:40 访问prioitry模块
2018-12-01 14:31:40 访问is_symbol模块
2018-12-01 14:31:40 访问prioitry模块
2018-12-01 14:31:40 访问is_symbol模块
2018-12-01 14:31:40 访问prioitry模块
2018-12-01 14:31:40 访问is_symbol模块
2018-12-01 14:31:40 访问is_symbol模块
2018-12-01 14:31:40 访问prioitry模块
2018-12-01 14:31:40 访问is_symbol模块
2018-12-01 14:31:40 访问is_symbol模块
2018-12-01 14:31:40 访问prioitry模块
2018-12-01 14:31:40 访问calculate模块
2018-12-01 14:31:40 访问prioitry模块
2018-12-01 14:31:40 访问is_symbol模块
2018-12-01 14:31:40 访问prioitry模块
2018-12-01 14:31:40 访问is_symbol模块
2018-12-01 14:31:40 访问is_symbol模块
2018-12-01 14:31:40 访问prioitry模块
2018-12-01 14:31:40 访问is_symbol模块
2018-12-01 14:31:40 访问is_symbol模块
2018-12-01 14:31:40 访问prioitry模块
2018-12-01 14:31:40 访问calculate模块
2018-12-01 14:31:40 访问prioitry模块
2018-12-01 14:31:40 访问is_symbol模块
2018-12-01 14:31:40 访问prioitry模块
2018-12-01 14:31:40 访问is_symbol模块
2018-12-01 14:31:40 访问prioitry模块
2018-12-01 14:31:40 访问is_symbol模块
2018-12-01 14:31:40 访问is_symbol模块
2018-12-01 14:31:40 访问prioitry模块
2018-12-01 14:31:40 访问is_symbol模块
2018-12-01 14:31:40 访问is_symbol模块
2018-12-01 14:31:40 访问prioitry模块
2018-12-01 14:31:40 访问is_symbol模块
2018-12-01 14:31:40 访问is_symbol模块
2018-12-01 14:31:40 访问prioitry模块
2018-12-01 14:31:40 访问calculate模块
2018-12-01 14:31:40 访问prioitry模块
2018-12-01 14:31:40 访问is_symbol模块
2018-12-01 14:31:40 访问is_symbol模块
2018-12-01 14:31:40 访问prioitry模块
2018-12-01 14:31:40 访问calculate模块
2018-12-01 14:31:40 访问prioitry模块
2018-12-01 14:31:40 访问calculate模块
2018-12-01 14:31:40 访问prioitry模块
2018-12-01 14:31:40 访问is_symbol模块
2018-12-01 14:31:40 访问is_symbol模块
2018-12-01 14:31:40 访问prioitry模块
2018-12-01 14:31:40 访问is_symbol模块
2018-12-01 14:31:40 访问is_symbol模块
2018-12-01 14:31:40 访问prioitry模块
2018-12-01 14:31:40 访问calculate模块
2018-12-01 14:31:40 访问prioitry模块
2018-12-01 14:31:40 访问is_symbol模块
2018-12-01 14:31:40 访问is_symbol模块
2018-12-01 14:31:40 访问prioitry模块
2018-12-01 14:31:40 访问calculate模块
2018-12-01 14:31:40 访问prioitry模块
2018-12-01 14:31:40 访问is_symbol模块
2018-12-01 14:31:40 访问is_symbol模块
2018-12-01 14:31:40 访问prioitry模块
2018-12-01 14:31:40 访问calculate模块
2018-12-01 14:31:40 访问prioitry模块
2018-12-01 14:31:40 访问is_symbol模块
2018-12-01 14:31:40 访问is_symbol模块
2018-12-01 14:31:40 访问prioitry模块
2018-12-01 14:31:40 访问calculate模块
2018-12-01 14:31:40 访问prioitry模块
2018-12-01 14:31:40 访问calculate模块
2018-12-01 14:31:40 访问prioitry模块
2018-12-01 14:31:40 访问is_symbol模块
2018-12-01 14:31:40 访问is_symbol模块
2018-12-01 14:31:40 访问prioitry模块
2018-12-01 14:31:40 访问is_symbol模块
2018-12-01 14:31:40 访问is_symbol模块
2018-12-01 14:31:40 访问prioitry模块
2018-12-01 14:31:40 访问calculate模块
2018-12-01 14:31:40 访问prioitry模块
2018-12-01 14:31:40 访问is_symbol模块
2018-12-01 14:31:40 访问is_symbol模块
2018-12-01 14:31:40 访问prioitry模块
2018-12-01 14:31:40 访问calculate模块
2018-12-01 14:31:40 访问prioitry模块
2018-12-01 14:31:40 访问calculate模块
2018-12-01 14:31:40 访问prioitry模块
2018-12-01 14:31:40 访问is_symbol模块
2018-12-01 14:31:40 访问prioitry模块
2018-12-01 14:31:40 访问calculate模块
2018-12-01 14:31:40 访问prioitry模块
2018-12-01 14:31:40 访问calculate模块
2018-12-01 14:31:40 访问prioitry模块
2018-12-01 14:31:40 访问is_symbol模块
2018-12-01 14:31:40 访问prioitry模块
2018-12-01 14:31:40 访问is_symbol模块
2018-12-01 14:31:40 访问prioitry模块
2018-12-01 14:31:40 访问is_symbol模块
2018-12-01 14:31:40 访问is_symbol模块
2018-12-01 14:31:40 访问prioitry模块
2018-12-01 14:31:40 访问is_symbol模块
2018-12-01 14:31:40 访问is_symbol模块
2018-12-01 14:31:40 访问prioitry模块
2018-12-01 14:31:40 访问calculate模块
2018-12-01 14:31:40 访问prioitry模块
2018-12-01 14:31:40 访问is_symbol模块
2018-12-01 14:31:40 访问prioitry模块
2018-12-01 14:31:40 访问is_symbol模块
2018-12-01 14:31:40 访问prioitry模块
2018-12-01 14:31:40 访问is_symbol模块
2018-12-01 14:31:40 访问is_symbol模块
2018-12-01 14:31:40 访问prioitry模块
2018-12-01 14:31:40 访问is_symbol模块
2018-12-01 14:31:40 访问is_symbol模块
2018-12-01 14:31:40 访问prioitry模块
2018-12-01 14:31:40 访问is_symbol模块
2018-12-01 14:31:40 访问is_symbol模块
2018-12-01 14:31:40 访问prioitry模块
2018-12-01 14:31:40 访问calculate模块
2018-12-01 14:31:40 访问prioitry模块
2018-12-01 14:31:40 访问calculate模块
2018-12-01 14:31:40 访问prioitry模块
2018-12-01 14:31:40 访问is_symbol模块
2018-12-01 14:31:40 访问prioitry模块
2018-12-01 14:31:40 访问calculate模块
2018-12-01 14:31:40 访问prioitry模块
2018-12-01 14:31:40 访问calculate模块
2018-12-01 14:31:40 访问prioitry模块
2018-12-01 14:31:40 访问calculate模块
2018-12-01 14:31:40 访问calculate模块
2018-12-01 14:33:22 访问init_action模块
2018-12-01 14:33:22 访问main模块
2018-12-01 14:33:22 访问is_symbol模块
2018-12-01 14:33:22 访问is_symbol模块
2018-12-01 14:33:22 访问is_symbol模块
2018-12-01 14:33:22 访问is_symbol模块
2018-12-01 14:33:22 访问prioitry模块
2018-12-01 14:33:22 访问is_symbol模块
2018-12-01 14:33:22 访问prioitry模块
2018-12-01 14:33:22 访问is_symbol模块
2018-12-01 14:33:22 访问prioitry模块
2018-12-01 14:33:22 访问is_symbol模块
2018-12-01 14:33:22 访问is_symbol模块
2018-12-01 14:33:22 访问prioitry模块
2018-12-01 14:33:22 访问is_symbol模块
2018-12-01 14:33:22 访问is_symbol模块
2018-12-01 14:33:22 访问prioitry模块
2018-12-01 14:33:22 访问calculate模块
2018-12-01 14:33:22 访问prioitry模块
2018-12-01 14:33:22 访问is_symbol模块
2018-12-01 14:33:22 访问prioitry模块
2018-12-01 14:33:22 访问is_symbol模块
2018-12-01 14:33:22 访问is_symbol模块
2018-12-01 14:33:22 访问prioitry模块
2018-12-01 14:33:22 访问is_symbol模块
2018-12-01 14:33:22 访问is_symbol模块
2018-12-01 14:33:22 访问prioitry模块
2018-12-01 14:33:22 访问calculate模块
2018-12-01 14:33:22 访问prioitry模块
2018-12-01 14:33:22 访问is_symbol模块
2018-12-01 14:33:22 访问prioitry模块
2018-12-01 14:33:22 访问is_symbol模块
2018-12-01 14:33:22 访问prioitry模块
2018-12-01 14:33:22 访问is_symbol模块
2018-12-01 14:33:22 访问is_symbol模块
2018-12-01 14:33:22 访问prioitry模块
2018-12-01 14:33:22 访问is_symbol模块
2018-12-01 14:33:22 访问is_symbol模块
2018-12-01 14:33:22 访问prioitry模块
2018-12-01 14:33:22 访问is_symbol模块
2018-12-01 14:33:22 访问is_symbol模块
2018-12-01 14:33:22 访问prioitry模块
2018-12-01 14:33:22 访问calculate模块
2018-12-01 14:33:22 访问prioitry模块
2018-12-01 14:33:22 访问is_symbol模块
2018-12-01 14:33:22 访问is_symbol模块
2018-12-01 14:33:22 访问prioitry模块
2018-12-01 14:33:22 访问calculate模块
2018-12-01 14:33:22 访问prioitry模块
2018-12-01 14:33:22 访问calculate模块
2018-12-01 14:33:22 访问prioitry模块
2018-12-01 14:33:22 访问is_symbol模块
2018-12-01 14:33:22 访问is_symbol模块
2018-12-01 14:33:22 访问prioitry模块
2018-12-01 14:33:22 访问is_symbol模块
2018-12-01 14:33:22 访问is_symbol模块
2018-12-01 14:33:22 访问prioitry模块
2018-12-01 14:33:22 访问calculate模块
2018-12-01 14:33:22 访问prioitry模块
2018-12-01 14:33:22 访问is_symbol模块
2018-12-01 14:33:22 访问is_symbol模块
2018-12-01 14:33:22 访问prioitry模块
2018-12-01 14:33:22 访问calculate模块
2018-12-01 14:33:22 访问prioitry模块
2018-12-01 14:33:22 访问is_symbol模块
2018-12-01 14:33:22 访问is_symbol模块
2018-12-01 14:33:22 访问prioitry模块
2018-12-01 14:33:22 访问calculate模块
2018-12-01 14:33:22 访问prioitry模块
2018-12-01 14:33:22 访问is_symbol模块
2018-12-01 14:33:22 访问is_symbol模块
2018-12-01 14:33:22 访问prioitry模块
2018-12-01 14:33:22 访问calculate模块
2018-12-01 14:33:22 访问prioitry模块
2018-12-01 14:33:22 访问calculate模块
2018-12-01 14:33:22 访问prioitry模块
2018-12-01 14:33:22 访问is_symbol模块
2018-12-01 14:33:22 访问is_symbol模块
2018-12-01 14:33:22 访问prioitry模块
2018-12-01 14:33:22 访问is_symbol模块
2018-12-01 14:33:22 访问is_symbol模块
2018-12-01 14:33:22 访问prioitry模块
2018-12-01 14:33:22 访问calculate模块
2018-12-01 14:33:22 访问prioitry模块
2018-12-01 14:33:22 访问is_symbol模块
2018-12-01 14:33:22 访问is_symbol模块
2018-12-01 14:33:22 访问prioitry模块
2018-12-01 14:33:22 访问calculate模块
2018-12-01 14:33:22 访问prioitry模块
2018-12-01 14:33:22 访问calculate模块
2018-12-01 14:33:22 访问prioitry模块
2018-12-01 14:33:22 访问is_symbol模块
2018-12-01 14:33:22 访问prioitry模块
2018-12-01 14:33:22 访问calculate模块
2018-12-01 14:33:22 访问prioitry模块
2018-12-01 14:33:22 访问calculate模块
2018-12-01 14:33:22 访问prioitry模块
2018-12-01 14:33:22 访问is_symbol模块
2018-12-01 14:33:22 访问prioitry模块
2018-12-01 14:33:22 访问is_symbol模块
2018-12-01 14:33:22 访问prioitry模块
2018-12-01 14:33:22 访问is_symbol模块
2018-12-01 14:33:22 访问is_symbol模块
2018-12-01 14:33:22 访问prioitry模块
2018-12-01 14:33:22 访问is_symbol模块
2018-12-01 14:33:22 访问is_symbol模块
2018-12-01 14:33:22 访问prioitry模块
2018-12-01 14:33:22 访问calculate模块
2018-12-01 14:33:22 访问prioitry模块
2018-12-01 14:33:22 访问is_symbol模块
2018-12-01 14:33:22 访问prioitry模块
2018-12-01 14:33:22 访问is_symbol模块
2018-12-01 14:33:22 访问prioitry模块
2018-12-01 14:33:22 访问is_symbol模块
2018-12-01 14:33:22 访问is_symbol模块
2018-12-01 14:33:22 访问prioitry模块
2018-12-01 14:33:22 访问is_symbol模块
2018-12-01 14:33:22 访问is_symbol模块
2018-12-01 14:33:22 访问prioitry模块
2018-12-01 14:33:22 访问is_symbol模块
2018-12-01 14:33:22 访问is_symbol模块
2018-12-01 14:33:22 访问prioitry模块
2018-12-01 14:33:22 访问calculate模块
2018-12-01 14:33:22 访问prioitry模块
2018-12-01 14:33:22 访问calculate模块
2018-12-01 14:33:22 访问prioitry模块
2018-12-01 14:33:22 访问is_symbol模块
2018-12-01 14:33:22 访问prioitry模块
2018-12-01 14:33:22 访问calculate模块
2018-12-01 14:33:22 访问prioitry模块
2018-12-01 14:33:22 访问calculate模块
2018-12-01 14:33:22 访问prioitry模块
2018-12-01 14:33:22 访问calculate模块
2018-12-01 14:33:22 访问calculate模块
2018-12-01 14:37:34 访问init_action模块
2018-12-01 14:37:34 访问main模块
2018-12-01 14:37:34 访问is_symbol模块
2018-12-01 14:37:34 访问is_symbol模块
2018-12-01 14:37:34 访问is_symbol模块
2018-12-01 14:37:34 访问is_symbol模块
2018-12-01 14:37:34 访问prioitry模块
2018-12-01 14:37:34 访问is_symbol模块
2018-12-01 14:37:34 访问prioitry模块
2018-12-01 14:37:34 访问is_symbol模块
2018-12-01 14:37:34 访问prioitry模块
2018-12-01 14:37:34 访问is_symbol模块
2018-12-01 14:37:34 访问is_symbol模块
2018-12-01 14:37:34 访问prioitry模块
2018-12-01 14:37:34 访问is_symbol模块
2018-12-01 14:37:34 访问is_symbol模块
2018-12-01 14:37:34 访问prioitry模块
2018-12-01 14:37:34 访问calculate模块
2018-12-01 14:37:34 访问prioitry模块
2018-12-01 14:37:34 访问is_symbol模块
2018-12-01 14:37:34 访问prioitry模块
2018-12-01 14:37:34 访问is_symbol模块
2018-12-01 14:37:34 访问is_symbol模块
2018-12-01 14:37:34 访问prioitry模块
2018-12-01 14:37:34 访问is_symbol模块
2018-12-01 14:37:34 访问is_symbol模块
2018-12-01 14:37:34 访问prioitry模块
2018-12-01 14:37:34 访问calculate模块
2018-12-01 14:37:34 访问prioitry模块
2018-12-01 14:37:34 访问is_symbol模块
2018-12-01 14:37:34 访问prioitry模块
2018-12-01 14:37:34 访问is_symbol模块
2018-12-01 14:37:34 访问prioitry模块
2018-12-01 14:37:34 访问is_symbol模块
2018-12-01 14:37:34 访问is_symbol模块
2018-12-01 14:37:34 访问prioitry模块
2018-12-01 14:37:34 访问is_symbol模块
2018-12-01 14:37:34 访问is_symbol模块
2018-12-01 14:37:34 访问prioitry模块
2018-12-01 14:37:34 访问is_symbol模块
2018-12-01 14:37:34 访问is_symbol模块
2018-12-01 14:37:34 访问prioitry模块
2018-12-01 14:37:34 访问calculate模块
2018-12-01 14:37:34 访问prioitry模块
2018-12-01 14:37:34 访问is_symbol模块
2018-12-01 14:37:34 访问is_symbol模块
2018-12-01 14:37:34 访问prioitry模块
2018-12-01 14:37:34 访问calculate模块
2018-12-01 14:37:34 访问prioitry模块
2018-12-01 14:37:34 访问calculate模块
2018-12-01 14:37:34 访问prioitry模块
2018-12-01 14:37:34 访问is_symbol模块
2018-12-01 14:37:34 访问is_symbol模块
2018-12-01 14:37:34 访问prioitry模块
2018-12-01 14:37:34 访问is_symbol模块
2018-12-01 14:37:34 访问is_symbol模块
2018-12-01 14:37:34 访问prioitry模块
2018-12-01 14:37:34 访问calculate模块
2018-12-01 14:37:34 访问prioitry模块
2018-12-01 14:37:34 访问is_symbol模块
2018-12-01 14:37:34 访问is_symbol模块
2018-12-01 14:37:34 访问prioitry模块
2018-12-01 14:37:34 访问calculate模块
2018-12-01 14:37:34 访问prioitry模块
2018-12-01 14:37:34 访问is_symbol模块
2018-12-01 14:37:34 访问is_symbol模块
2018-12-01 14:37:34 访问prioitry模块
2018-12-01 14:37:34 访问calculate模块
2018-12-01 14:37:34 访问prioitry模块
2018-12-01 14:37:34 访问is_symbol模块
2018-12-01 14:37:34 访问is_symbol模块
2018-12-01 14:37:34 访问prioitry模块
2018-12-01 14:37:34 访问calculate模块
2018-12-01 14:37:34 访问prioitry模块
2018-12-01 14:37:34 访问calculate模块
2018-12-01 14:37:34 访问prioitry模块
2018-12-01 14:37:34 访问is_symbol模块
2018-12-01 14:37:34 访问is_symbol模块
2018-12-01 14:37:34 访问prioitry模块
2018-12-01 14:37:34 访问is_symbol模块
2018-12-01 14:37:34 访问is_symbol模块
2018-12-01 14:37:34 访问prioitry模块
2018-12-01 14:37:34 访问calculate模块
2018-12-01 14:37:34 访问prioitry模块
2018-12-01 14:37:34 访问is_symbol模块
2018-12-01 14:37:34 访问is_symbol模块
2018-12-01 14:37:34 访问prioitry模块
2018-12-01 14:37:34 访问calculate模块
2018-12-01 14:37:34 访问prioitry模块
2018-12-01 14:37:34 访问calculate模块
2018-12-01 14:37:34 访问prioitry模块
2018-12-01 14:37:34 访问is_symbol模块
2018-12-01 14:37:34 访问prioitry模块
2018-12-01 14:37:34 访问calculate模块
2018-12-01 14:37:34 访问prioitry模块
2018-12-01 14:37:34 访问calculate模块
2018-12-01 14:37:34 访问prioitry模块
2018-12-01 14:37:34 访问is_symbol模块
2018-12-01 14:37:34 访问prioitry模块
2018-12-01 14:37:34 访问is_symbol模块
2018-12-01 14:37:34 访问prioitry模块
2018-12-01 14:37:34 访问is_symbol模块
2018-12-01 14:37:34 访问is_symbol模块
2018-12-01 14:37:34 访问prioitry模块
2018-12-01 14:37:34 访问is_symbol模块
2018-12-01 14:37:34 访问is_symbol模块
2018-12-01 14:37:34 访问prioitry模块
2018-12-01 14:37:34 访问calculate模块
2018-12-01 14:37:34 访问prioitry模块
2018-12-01 14:37:34 访问is_symbol模块
2018-12-01 14:37:34 访问prioitry模块
2018-12-01 14:37:34 访问is_symbol模块
2018-12-01 14:37:34 访问prioitry模块
2018-12-01 14:37:34 访问is_symbol模块
2018-12-01 14:37:34 访问is_symbol模块
2018-12-01 14:37:34 访问prioitry模块
2018-12-01 14:37:34 访问is_symbol模块
2018-12-01 14:37:34 访问is_symbol模块
2018-12-01 14:37:34 访问prioitry模块
2018-12-01 14:37:34 访问is_symbol模块
2018-12-01 14:37:34 访问is_symbol模块
2018-12-01 14:37:34 访问prioitry模块
2018-12-01 14:37:34 访问calculate模块
2018-12-01 14:37:34 访问prioitry模块
2018-12-01 14:37:34 访问calculate模块
2018-12-01 14:37:34 访问prioitry模块
2018-12-01 14:37:34 访问is_symbol模块
2018-12-01 14:37:34 访问prioitry模块
2018-12-01 14:37:34 访问calculate模块
2018-12-01 14:37:34 访问prioitry模块
2018-12-01 14:37:34 访问calculate模块
2018-12-01 14:37:34 访问prioitry模块
2018-12-01 14:37:34 访问calculate模块
2018-12-01 14:37:34 访问calculate模块
2018-12-07 16:01:56 访问init_action模块
2018-12-07 16:01:56 访问main模块
2018-12-07 16:01:56 访问is_symbol模块
2018-12-07 16:01:56 访问is_symbol模块
2018-12-07 16:01:56 访问is_symbol模块
2018-12-07 16:01:56 访问is_symbol模块
2018-12-07 16:01:56 访问prioitry模块
2018-12-07 16:01:56 访问is_symbol模块
2018-12-07 16:01:56 访问prioitry模块
2018-12-07 16:01:56 访问is_symbol模块
2018-12-07 16:01:56 访问prioitry模块
2018-12-07 16:01:56 访问is_symbol模块
2018-12-07 16:01:56 访问is_symbol模块
2018-12-07 16:01:56 访问prioitry模块
2018-12-07 16:01:56 访问is_symbol模块
2018-12-07 16:01:56 访问is_symbol模块
2018-12-07 16:01:56 访问prioitry模块
2018-12-07 16:01:56 访问calculate模块
2018-12-07 16:01:56 访问prioitry模块
2018-12-07 16:01:56 访问is_symbol模块
2018-12-07 16:01:56 访问prioitry模块
2018-12-07 16:01:56 访问is_symbol模块
2018-12-07 16:01:56 访问is_symbol模块
2018-12-07 16:01:56 访问prioitry模块
2018-12-07 16:01:56 访问is_symbol模块
2018-12-07 16:01:56 访问is_symbol模块
2018-12-07 16:01:56 访问prioitry模块
2018-12-07 16:01:56 访问calculate模块
2018-12-07 16:01:56 访问prioitry模块
2018-12-07 16:01:56 访问is_symbol模块
2018-12-07 16:01:56 访问prioitry模块
2018-12-07 16:01:56 访问is_symbol模块
2018-12-07 16:01:56 访问prioitry模块
2018-12-07 16:01:56 访问is_symbol模块
2018-12-07 16:01:56 访问is_symbol模块
2018-12-07 16:01:56 访问prioitry模块
2018-12-07 16:01:56 访问is_symbol模块
2018-12-07 16:01:56 访问is_symbol模块
2018-12-07 16:01:56 访问prioitry模块
2018-12-07 16:01:56 访问is_symbol模块
2018-12-07 16:01:56 访问is_symbol模块
2018-12-07 16:01:56 访问prioitry模块
2018-12-07 16:01:56 访问calculate模块
2018-12-07 16:01:56 访问prioitry模块
2018-12-07 16:01:56 访问is_symbol模块
2018-12-07 16:01:56 访问is_symbol模块
2018-12-07 16:01:56 访问prioitry模块
2018-12-07 16:01:56 访问calculate模块
2018-12-07 16:01:56 访问prioitry模块
2018-12-07 16:01:56 访问calculate模块
2018-12-07 16:01:56 访问prioitry模块
2018-12-07 16:01:56 访问is_symbol模块
2018-12-07 16:01:56 访问is_symbol模块
2018-12-07 16:01:56 访问prioitry模块
2018-12-07 16:01:56 访问is_symbol模块
2018-12-07 16:01:56 访问is_symbol模块
2018-12-07 16:01:56 访问prioitry模块
2018-12-07 16:01:56 访问calculate模块
2018-12-07 16:01:56 访问prioitry模块
2018-12-07 16:01:56 访问is_symbol模块
2018-12-07 16:01:56 访问is_symbol模块
2018-12-07 16:01:56 访问prioitry模块
2018-12-07 16:01:56 访问calculate模块
2018-12-07 16:01:56 访问prioitry模块
2018-12-07 16:01:56 访问is_symbol模块
2018-12-07 16:01:56 访问is_symbol模块
2018-12-07 16:01:56 访问prioitry模块
2018-12-07 16:01:56 访问calculate模块
2018-12-07 16:01:56 访问prioitry模块
2018-12-07 16:01:56 访问is_symbol模块
2018-12-07 16:01:56 访问is_symbol模块
2018-12-07 16:01:56 访问prioitry模块
2018-12-07 16:01:56 访问calculate模块
2018-12-07 16:01:56 访问prioitry模块
2018-12-07 16:01:56 访问calculate模块
2018-12-07 16:01:56 访问prioitry模块
2018-12-07 16:01:56 访问is_symbol模块
2018-12-07 16:01:56 访问is_symbol模块
2018-12-07 16:01:56 访问prioitry模块
2018-12-07 16:01:56 访问is_symbol模块
2018-12-07 16:01:56 访问is_symbol模块
2018-12-07 16:01:56 访问prioitry模块
2018-12-07 16:01:56 访问calculate模块
2018-12-07 16:01:56 访问prioitry模块
2018-12-07 16:01:56 访问is_symbol模块
2018-12-07 16:01:56 访问is_symbol模块
2018-12-07 16:01:56 访问prioitry模块
2018-12-07 16:01:56 访问calculate模块
2018-12-07 16:01:56 访问prioitry模块
2018-12-07 16:01:56 访问calculate模块
2018-12-07 16:01:56 访问prioitry模块
2018-12-07 16:01:56 访问is_symbol模块
2018-12-07 16:01:56 访问prioitry模块
2018-12-07 16:01:56 访问calculate模块
2018-12-07 16:01:56 访问prioitry模块
2018-12-07 16:01:56 访问calculate模块
2018-12-07 16:01:56 访问prioitry模块
2018-12-07 16:01:56 访问is_symbol模块
2018-12-07 16:01:56 访问prioitry模块
2018-12-07 16:01:56 访问is_symbol模块
2018-12-07 16:01:56 访问prioitry模块
2018-12-07 16:01:56 访问is_symbol模块
2018-12-07 16:01:56 访问is_symbol模块
2018-12-07 16:01:56 访问prioitry模块
2018-12-07 16:01:56 访问is_symbol模块
2018-12-07 16:01:56 访问is_symbol模块
2018-12-07 16:01:56 访问prioitry模块
2018-12-07 16:01:56 访问calculate模块
2018-12-07 16:01:56 访问prioitry模块
2018-12-07 16:01:56 访问is_symbol模块
2018-12-07 16:01:56 访问prioitry模块
2018-12-07 16:01:56 访问is_symbol模块
2018-12-07 16:01:56 访问prioitry模块
2018-12-07 16:01:56 访问is_symbol模块
2018-12-07 16:01:56 访问is_symbol模块
2018-12-07 16:01:56 访问prioitry模块
2018-12-07 16:01:56 访问is_symbol模块
2018-12-07 16:01:56 访问is_symbol模块
2018-12-07 16:01:56 访问prioitry模块
2018-12-07 16:01:56 访问is_symbol模块
2018-12-07 16:01:56 访问is_symbol模块
2018-12-07 16:01:56 访问prioitry模块
2018-12-07 16:01:56 访问calculate模块
2018-12-07 16:01:56 访问prioitry模块
2018-12-07 16:01:56 访问calculate模块
2018-12-07 16:01:56 访问prioitry模块
2018-12-07 16:01:56 访问is_symbol模块
2018-12-07 16:01:56 访问prioitry模块
2018-12-07 16:01:56 访问calculate模块
2018-12-07 16:01:56 访问prioitry模块
2018-12-07 16:01:56 访问calculate模块
2018-12-07 16:01:56 访问prioitry模块
2018-12-07 16:01:56 访问calculate模块
2018-12-07 16:01:56 访问calculate模块
2018-12-07 16:03:17 访问init_action模块
2018-12-07 16:03:17 访问main模块
2018-12-07 16:03:17 访问is_symbol模块
2018-12-07 16:03:17 访问is_symbol模块
2018-12-07 16:03:17 访问is_symbol模块
2018-12-07 16:03:17 访问is_symbol模块
2018-12-07 16:03:17 访问prioitry模块
2018-12-07 16:03:17 访问is_symbol模块
2018-12-07 16:03:17 访问prioitry模块
2018-12-07 16:03:17 访问is_symbol模块
2018-12-07 16:03:17 访问prioitry模块
2018-12-07 16:03:17 访问is_symbol模块
2018-12-07 16:03:17 访问is_symbol模块
2018-12-07 16:03:17 访问prioitry模块
2018-12-07 16:03:17 访问is_symbol模块
2018-12-07 16:03:17 访问is_symbol模块
2018-12-07 16:03:17 访问prioitry模块
2018-12-07 16:03:17 访问calculate模块
2018-12-07 16:03:17 访问prioitry模块
2018-12-07 16:03:17 访问is_symbol模块
2018-12-07 16:03:17 访问prioitry模块
2018-12-07 16:03:17 访问is_symbol模块
2018-12-07 16:03:17 访问is_symbol模块
2018-12-07 16:03:17 访问prioitry模块
2018-12-07 16:03:17 访问is_symbol模块
2018-12-07 16:03:17 访问is_symbol模块
2018-12-07 16:03:17 访问prioitry模块
2018-12-07 16:03:17 访问calculate模块
2018-12-07 16:03:17 访问prioitry模块
2018-12-07 16:03:17 访问is_symbol模块
2018-12-07 16:03:17 访问prioitry模块
2018-12-07 16:03:17 访问is_symbol模块
2018-12-07 16:03:17 访问prioitry模块
2018-12-07 16:03:17 访问is_symbol模块
2018-12-07 16:03:17 访问is_symbol模块
2018-12-07 16:03:17 访问prioitry模块
2018-12-07 16:03:17 访问is_symbol模块
2018-12-07 16:03:17 访问is_symbol模块
2018-12-07 16:03:17 访问prioitry模块
2018-12-07 16:03:17 访问is_symbol模块
2018-12-07 16:03:17 访问is_symbol模块
2018-12-07 16:03:17 访问prioitry模块
2018-12-07 16:03:17 访问calculate模块
2018-12-07 16:03:17 访问prioitry模块
2018-12-07 16:03:17 访问is_symbol模块
2018-12-07 16:03:17 访问is_symbol模块
2018-12-07 16:03:17 访问prioitry模块
2018-12-07 16:03:17 访问calculate模块
2018-12-07 16:03:17 访问prioitry模块
2018-12-07 16:03:17 访问calculate模块
2018-12-07 16:03:17 访问prioitry模块
2018-12-07 16:03:17 访问is_symbol模块
2018-12-07 16:03:17 访问is_symbol模块
2018-12-07 16:03:17 访问prioitry模块
2018-12-07 16:03:17 访问is_symbol模块
2018-12-07 16:03:17 访问is_symbol模块
2018-12-07 16:03:17 访问prioitry模块
2018-12-07 16:03:17 访问calculate模块
2018-12-07 16:03:17 访问prioitry模块
2018-12-07 16:03:17 访问is_symbol模块
2018-12-07 16:03:17 访问is_symbol模块
2018-12-07 16:03:17 访问prioitry模块
2018-12-07 16:03:17 访问calculate模块
2018-12-07 16:03:17 访问prioitry模块
2018-12-07 16:03:17 访问is_symbol模块
2018-12-07 16:03:17 访问is_symbol模块
2018-12-07 16:03:17 访问prioitry模块
2018-12-07 16:03:17 访问calculate模块
2018-12-07 16:03:17 访问prioitry模块
2018-12-07 16:03:17 访问is_symbol模块
2018-12-07 16:03:17 访问is_symbol模块
2018-12-07 16:03:17 访问prioitry模块
2018-12-07 16:03:17 访问calculate模块
2018-12-07 16:03:17 访问prioitry模块
2018-12-07 16:03:17 访问calculate模块
2018-12-07 16:03:17 访问prioitry模块
2018-12-07 16:03:17 访问is_symbol模块
2018-12-07 16:03:17 访问is_symbol模块
2018-12-07 16:03:17 访问prioitry模块
2018-12-07 16:03:17 访问is_symbol模块
2018-12-07 16:03:17 访问is_symbol模块
2018-12-07 16:03:17 访问prioitry模块
2018-12-07 16:03:17 访问calculate模块
2018-12-07 16:03:17 访问prioitry模块
2018-12-07 16:03:17 访问is_symbol模块
2018-12-07 16:03:17 访问is_symbol模块
2018-12-07 16:03:17 访问prioitry模块
2018-12-07 16:03:17 访问calculate模块
2018-12-07 16:03:17 访问prioitry模块
2018-12-07 16:03:17 访问calculate模块
2018-12-07 16:03:17 访问prioitry模块
2018-12-07 16:03:17 访问is_symbol模块
2018-12-07 16:03:17 访问prioitry模块
2018-12-07 16:03:17 访问calculate模块
2018-12-07 16:03:17 访问prioitry模块
2018-12-07 16:03:17 访问calculate模块
2018-12-07 16:03:17 访问prioitry模块
2018-12-07 16:03:17 访问is_symbol模块
2018-12-07 16:03:17 访问prioitry模块
2018-12-07 16:03:17 访问is_symbol模块
2018-12-07 16:03:17 访问prioitry模块
2018-12-07 16:03:17 访问is_symbol模块
2018-12-07 16:03:17 访问is_symbol模块
2018-12-07 16:03:17 访问prioitry模块
2018-12-07 16:03:17 访问is_symbol模块
2018-12-07 16:03:17 访问is_symbol模块
2018-12-07 16:03:17 访问prioitry模块
2018-12-07 16:03:17 访问calculate模块
2018-12-07 16:03:17 访问prioitry模块
2018-12-07 16:03:17 访问is_symbol模块
2018-12-07 16:03:17 访问prioitry模块
2018-12-07 16:03:17 访问is_symbol模块
2018-12-07 16:03:17 访问prioitry模块
2018-12-07 16:03:17 访问is_symbol模块
2018-12-07 16:03:17 访问is_symbol模块
2018-12-07 16:03:17 访问prioitry模块
2018-12-07 16:03:17 访问is_symbol模块
2018-12-07 16:03:17 访问is_symbol模块
2018-12-07 16:03:17 访问prioitry模块
2018-12-07 16:03:17 访问is_symbol模块
2018-12-07 16:03:17 访问is_symbol模块
2018-12-07 16:03:17 访问prioitry模块
2018-12-07 16:03:17 访问calculate模块
2018-12-07 16:03:17 访问prioitry模块
2018-12-07 16:03:17 访问calculate模块
2018-12-07 16:03:17 访问prioitry模块
2018-12-07 16:03:17 访问is_symbol模块
2018-12-07 16:03:17 访问prioitry模块
2018-12-07 16:03:17 访问calculate模块
2018-12-07 16:03:17 访问prioitry模块
2018-12-07 16:03:17 访问calculate模块
2018-12-07 16:03:17 访问prioitry模块
2018-12-07 16:03:17 访问calculate模块
2018-12-07 16:03:17 访问calculate模块
