
2018-12-01 14:31:20
 数字栈:[]
 运算符栈:[]
 待入栈运算符:1

2018-12-01 14:31:20
 数字栈:[1.0]
 运算符栈:[]
 待入栈运算符:-

2018-12-01 14:31:20
 数字栈:[1.0]
 运算符栈:['-']
 待入栈运算符:2

2018-12-01 14:31:20
 数字栈:[1.0, 2.0]
 运算符栈:['-']
 待入栈运算符:*

2018-12-01 14:31:20
 数字栈:[1.0, 2.0]
 运算符栈:['-', '*']
 待入栈运算符:(

2018-12-01 14:31:20
 数字栈:[1.0, 2.0]
 运算符栈:['-', '*', '(']
 待入栈运算符:(

2018-12-01 14:31:20
 数字栈:[1.0, 2.0]
 运算符栈:['-', '*', '(', '(']
 待入栈运算符:60

2018-12-01 14:31:20
 数字栈:[1.0, 2.0, 60.0]
 运算符栈:['-', '*', '(', '(']
 待入栈运算符:-

2018-12-01 14:31:20
 数字栈:[1.0, 2.0, 60.0]
 运算符栈:['-', '*', '(', '(', '-']
 待入栈运算符:30

2018-12-01 14:31:20
 数字栈:[1.0, 2.0, 60.0, 30.0]
 运算符栈:['-', '*', '(', '(', '-']
 待入栈运算符:+

2018-12-01 14:31:20
 数字栈:[1.0, 2.0, 30.0]
 运算符栈:['-', '*', '(', '(', '+']
 待入栈运算符:(

2018-12-01 14:31:20
 数字栈:[1.0, 2.0, 30.0]
 运算符栈:['-', '*', '(', '(', '+', '(']
 待入栈运算符:-40

2018-12-01 14:31:20
 数字栈:[1.0, 2.0, 30.0, -40.0]
 运算符栈:['-', '*', '(', '(', '+', '(']
 待入栈运算符:/

2018-12-01 14:31:20
 数字栈:[1.0, 2.0, 30.0, -40.0]
 运算符栈:['-', '*', '(', '(', '+', '(', '/']
 待入栈运算符:5

2018-12-01 14:31:20
 数字栈:[1.0, 2.0, 30.0, -40.0, 5.0]
 运算符栈:['-', '*', '(', '(', '+', '(', '/']
 待入栈运算符:)

2018-12-01 14:31:20
 数字栈:[1.0, 2.0, 30.0, -8.0]
 运算符栈:['-', '*', '(', '(', '+']
 待入栈运算符:*

2018-12-01 14:31:20
 数字栈:[1.0, 2.0, 30.0, -8.0]
 运算符栈:['-', '*', '(', '(', '+', '*']
 待入栈运算符:(

2018-12-01 14:31:20
 数字栈:[1.0, 2.0, 30.0, -8.0]
 运算符栈:['-', '*', '(', '(', '+', '*', '(']
 待入栈运算符:9

2018-12-01 14:31:20
 数字栈:[1.0, 2.0, 30.0, -8.0, 9.0]
 运算符栈:['-', '*', '(', '(', '+', '*', '(']
 待入栈运算符:-

2018-12-01 14:31:20
 数字栈:[1.0, 2.0, 30.0, -8.0, 9.0]
 运算符栈:['-', '*', '(', '(', '+', '*', '(', '-']
 待入栈运算符:2

2018-12-01 14:31:20
 数字栈:[1.0, 2.0, 30.0, -8.0, 9.0, 2.0]
 运算符栈:['-', '*', '(', '(', '+', '*', '(', '-']
 待入栈运算符:*

2018-12-01 14:31:20
 数字栈:[1.0, 2.0, 30.0, -8.0, 9.0, 2.0]
 运算符栈:['-', '*', '(', '(', '+', '*', '(', '-', '*']
 待入栈运算符:5

2018-12-01 14:31:20
 数字栈:[1.0, 2.0, 30.0, -8.0, 9.0, 2.0, 5.0]
 运算符栈:['-', '*', '(', '(', '+', '*', '(', '-', '*']
 待入栈运算符:/

2018-12-01 14:31:20
 数字栈:[1.0, 2.0, 30.0, -8.0, 9.0, 10.0]
 运算符栈:['-', '*', '(', '(', '+', '*', '(', '-', '/']
 待入栈运算符:3

2018-12-01 14:31:20
 数字栈:[1.0, 2.0, 30.0, -8.0, 9.0, 10.0, 3.0]
 运算符栈:['-', '*', '(', '(', '+', '*', '(', '-', '/']
 待入栈运算符:+

2018-12-01 14:31:20
 数字栈:[1.0, 2.0, 30.0, -8.0, 5.666666666666666]
 运算符栈:['-', '*', '(', '(', '+', '*', '(', '+']
 待入栈运算符:7

2018-12-01 14:31:20
 数字栈:[1.0, 2.0, 30.0, -8.0, 5.666666666666666, 7.0]
 运算符栈:['-', '*', '(', '(', '+', '*', '(', '+']
 待入栈运算符:/

2018-12-01 14:31:20
 数字栈:[1.0, 2.0, 30.0, -8.0, 5.666666666666666, 7.0]
 运算符栈:['-', '*', '(', '(', '+', '*', '(', '+', '/']
 待入栈运算符:3

2018-12-01 14:31:20
 数字栈:[1.0, 2.0, 30.0, -8.0, 5.666666666666666, 7.0, 3.0]
 运算符栈:['-', '*', '(', '(', '+', '*', '(', '+', '/']
 待入栈运算符:*

2018-12-01 14:31:20
 数字栈:[1.0, 2.0, 30.0, -8.0, 5.666666666666666, 2.3333333333333335]
 运算符栈:['-', '*', '(', '(', '+', '*', '(', '+', '*']
 待入栈运算符:99

2018-12-01 14:31:20
 数字栈:[1.0, 2.0, 30.0, -8.0, 5.666666666666666, 2.3333333333333335, 99.0]
 运算符栈:['-', '*', '(', '(', '+', '*', '(', '+', '*']
 待入栈运算符:/

2018-12-01 14:31:20
 数字栈:[1.0, 2.0, 30.0, -8.0, 5.666666666666666, 231.00000000000003]
 运算符栈:['-', '*', '(', '(', '+', '*', '(', '+', '/']
 待入栈运算符:4

2018-12-01 14:31:20
 数字栈:[1.0, 2.0, 30.0, -8.0, 5.666666666666666, 231.00000000000003, 4.0]
 运算符栈:['-', '*', '(', '(', '+', '*', '(', '+', '/']
 待入栈运算符:*

2018-12-01 14:31:20
 数字栈:[1.0, 2.0, 30.0, -8.0, 5.666666666666666, 57.75000000000001]
 运算符栈:['-', '*', '(', '(', '+', '*', '(', '+', '*']
 待入栈运算符:2998

2018-12-01 14:31:20
 数字栈:[1.0, 2.0, 30.0, -8.0, 5.666666666666666, 57.75000000000001, 2998.0]
 运算符栈:['-', '*', '(', '(', '+', '*', '(', '+', '*']
 待入栈运算符:+

2018-12-01 14:31:20
 数字栈:[1.0, 2.0, 30.0, -8.0, 173140.1666666667]
 运算符栈:['-', '*', '(', '(', '+', '*', '(', '+']
 待入栈运算符:10

2018-12-01 14:31:20
 数字栈:[1.0, 2.0, 30.0, -8.0, 173140.1666666667, 10.0]
 运算符栈:['-', '*', '(', '(', '+', '*', '(', '+']
 待入栈运算符:*

2018-12-01 14:31:20
 数字栈:[1.0, 2.0, 30.0, -8.0, 173140.1666666667, 10.0]
 运算符栈:['-', '*', '(', '(', '+', '*', '(', '+', '*']
 待入栈运算符:568

2018-12-01 14:31:20
 数字栈:[1.0, 2.0, 30.0, -8.0, 173140.1666666667, 10.0, 568.0]
 运算符栈:['-', '*', '(', '(', '+', '*', '(', '+', '*']
 待入栈运算符:/

2018-12-01 14:31:20
 数字栈:[1.0, 2.0, 30.0, -8.0, 173140.1666666667, 5680.0]
 运算符栈:['-', '*', '(', '(', '+', '*', '(', '+', '/']
 待入栈运算符:14

2018-12-01 14:31:20
 数字栈:[1.0, 2.0, 30.0, -8.0, 173140.1666666667, 5680.0, 14.0]
 运算符栈:['-', '*', '(', '(', '+', '*', '(', '+', '/']
 待入栈运算符:)

2018-12-01 14:31:20
 数字栈:[1.0, 2.0, 30.0, -8.0, 173545.88095238098]
 运算符栈:['-', '*', '(', '(', '+', '*']
 待入栈运算符:)

2018-12-01 14:31:20
 数字栈:[1.0, 2.0, -1388337.0476190478]
 运算符栈:['-', '*', '(']
 待入栈运算符:-

2018-12-01 14:31:20
 数字栈:[1.0, 2.0, -1388337.0476190478]
 运算符栈:['-', '*', '(', '-']
 待入栈运算符:(

2018-12-01 14:31:20
 数字栈:[1.0, 2.0, -1388337.0476190478]
 运算符栈:['-', '*', '(', '-', '(']
 待入栈运算符:-4

2018-12-01 14:31:20
 数字栈:[1.0, 2.0, -1388337.0476190478, -4.0]
 运算符栈:['-', '*', '(', '-', '(']
 待入栈运算符:*

2018-12-01 14:31:20
 数字栈:[1.0, 2.0, -1388337.0476190478, -4.0]
 运算符栈:['-', '*', '(', '-', '(', '*']
 待入栈运算符:3

2018-12-01 14:31:20
 数字栈:[1.0, 2.0, -1388337.0476190478, -4.0, 3.0]
 运算符栈:['-', '*', '(', '-', '(', '*']
 待入栈运算符:)

2018-12-01 14:31:20
 数字栈:[1.0, 2.0, -1388337.0476190478, -12.0]
 运算符栈:['-', '*', '(', '-']
 待入栈运算符:/

2018-12-01 14:31:20
 数字栈:[1.0, 2.0, -1388337.0476190478, -12.0]
 运算符栈:['-', '*', '(', '-', '/']
 待入栈运算符:(

2018-12-01 14:31:20
 数字栈:[1.0, 2.0, -1388337.0476190478, -12.0]
 运算符栈:['-', '*', '(', '-', '/', '(']
 待入栈运算符:16

2018-12-01 14:31:20
 数字栈:[1.0, 2.0, -1388337.0476190478, -12.0, 16.0]
 运算符栈:['-', '*', '(', '-', '/', '(']
 待入栈运算符:-

2018-12-01 14:31:20
 数字栈:[1.0, 2.0, -1388337.0476190478, -12.0, 16.0]
 运算符栈:['-', '*', '(', '-', '/', '(', '-']
 待入栈运算符:3

2018-12-01 14:31:20
 数字栈:[1.0, 2.0, -1388337.0476190478, -12.0, 16.0, 3.0]
 运算符栈:['-', '*', '(', '-', '/', '(', '-']
 待入栈运算符:*

2018-12-01 14:31:20
 数字栈:[1.0, 2.0, -1388337.0476190478, -12.0, 16.0, 3.0]
 运算符栈:['-', '*', '(', '-', '/', '(', '-', '*']
 待入栈运算符:2

2018-12-01 14:31:20
 数字栈:[1.0, 2.0, -1388337.0476190478, -12.0, 16.0, 3.0, 2.0]
 运算符栈:['-', '*', '(', '-', '/', '(', '-', '*']
 待入栈运算符:)

2018-12-01 14:31:20
 数字栈:[1.0, 2.0, -1388337.0476190478, -12.0, 10.0]
 运算符栈:['-', '*', '(', '-', '/']
 待入栈运算符:)

2018-12-01 14:31:40
 数字栈:[]
 运算符栈:[]
 待入栈运算符:1

2018-12-01 14:31:40
 数字栈:[1.0]
 运算符栈:[]
 待入栈运算符:-

2018-12-01 14:31:40
 数字栈:[1.0]
 运算符栈:['-']
 待入栈运算符:2

2018-12-01 14:31:40
 数字栈:[1.0, 2.0]
 运算符栈:['-']
 待入栈运算符:*

2018-12-01 14:31:40
 数字栈:[1.0, 2.0]
 运算符栈:['-', '*']
 待入栈运算符:(

2018-12-01 14:31:40
 数字栈:[1.0, 2.0]
 运算符栈:['-', '*', '(']
 待入栈运算符:(

2018-12-01 14:31:40
 数字栈:[1.0, 2.0]
 运算符栈:['-', '*', '(', '(']
 待入栈运算符:60

2018-12-01 14:31:40
 数字栈:[1.0, 2.0, 60.0]
 运算符栈:['-', '*', '(', '(']
 待入栈运算符:-

2018-12-01 14:31:40
 数字栈:[1.0, 2.0, 60.0]
 运算符栈:['-', '*', '(', '(', '-']
 待入栈运算符:30

2018-12-01 14:31:40
 数字栈:[1.0, 2.0, 60.0, 30.0]
 运算符栈:['-', '*', '(', '(', '-']
 待入栈运算符:+

2018-12-01 14:31:40
 数字栈:[1.0, 2.0, 30.0]
 运算符栈:['-', '*', '(', '(', '+']
 待入栈运算符:(

2018-12-01 14:31:40
 数字栈:[1.0, 2.0, 30.0]
 运算符栈:['-', '*', '(', '(', '+', '(']
 待入栈运算符:-40

2018-12-01 14:31:40
 数字栈:[1.0, 2.0, 30.0, -40.0]
 运算符栈:['-', '*', '(', '(', '+', '(']
 待入栈运算符:/

2018-12-01 14:31:40
 数字栈:[1.0, 2.0, 30.0, -40.0]
 运算符栈:['-', '*', '(', '(', '+', '(', '/']
 待入栈运算符:5

2018-12-01 14:31:40
 数字栈:[1.0, 2.0, 30.0, -40.0, 5.0]
 运算符栈:['-', '*', '(', '(', '+', '(', '/']
 待入栈运算符:)

2018-12-01 14:31:40
 数字栈:[1.0, 2.0, 30.0, -8.0]
 运算符栈:['-', '*', '(', '(', '+']
 待入栈运算符:*

2018-12-01 14:31:40
 数字栈:[1.0, 2.0, 30.0, -8.0]
 运算符栈:['-', '*', '(', '(', '+', '*']
 待入栈运算符:(

2018-12-01 14:31:40
 数字栈:[1.0, 2.0, 30.0, -8.0]
 运算符栈:['-', '*', '(', '(', '+', '*', '(']
 待入栈运算符:9

2018-12-01 14:31:40
 数字栈:[1.0, 2.0, 30.0, -8.0, 9.0]
 运算符栈:['-', '*', '(', '(', '+', '*', '(']
 待入栈运算符:-

2018-12-01 14:31:40
 数字栈:[1.0, 2.0, 30.0, -8.0, 9.0]
 运算符栈:['-', '*', '(', '(', '+', '*', '(', '-']
 待入栈运算符:2

2018-12-01 14:31:40
 数字栈:[1.0, 2.0, 30.0, -8.0, 9.0, 2.0]
 运算符栈:['-', '*', '(', '(', '+', '*', '(', '-']
 待入栈运算符:*

2018-12-01 14:31:40
 数字栈:[1.0, 2.0, 30.0, -8.0, 9.0, 2.0]
 运算符栈:['-', '*', '(', '(', '+', '*', '(', '-', '*']
 待入栈运算符:5

2018-12-01 14:31:40
 数字栈:[1.0, 2.0, 30.0, -8.0, 9.0, 2.0, 5.0]
 运算符栈:['-', '*', '(', '(', '+', '*', '(', '-', '*']
 待入栈运算符:/

2018-12-01 14:31:40
 数字栈:[1.0, 2.0, 30.0, -8.0, 9.0, 10.0]
 运算符栈:['-', '*', '(', '(', '+', '*', '(', '-', '/']
 待入栈运算符:3

2018-12-01 14:31:40
 数字栈:[1.0, 2.0, 30.0, -8.0, 9.0, 10.0, 3.0]
 运算符栈:['-', '*', '(', '(', '+', '*', '(', '-', '/']
 待入栈运算符:+

2018-12-01 14:31:40
 数字栈:[1.0, 2.0, 30.0, -8.0, 5.666666666666666]
 运算符栈:['-', '*', '(', '(', '+', '*', '(', '+']
 待入栈运算符:7

2018-12-01 14:31:40
 数字栈:[1.0, 2.0, 30.0, -8.0, 5.666666666666666, 7.0]
 运算符栈:['-', '*', '(', '(', '+', '*', '(', '+']
 待入栈运算符:/

2018-12-01 14:31:40
 数字栈:[1.0, 2.0, 30.0, -8.0, 5.666666666666666, 7.0]
 运算符栈:['-', '*', '(', '(', '+', '*', '(', '+', '/']
 待入栈运算符:3

2018-12-01 14:31:40
 数字栈:[1.0, 2.0, 30.0, -8.0, 5.666666666666666, 7.0, 3.0]
 运算符栈:['-', '*', '(', '(', '+', '*', '(', '+', '/']
 待入栈运算符:*

2018-12-01 14:31:40
 数字栈:[1.0, 2.0, 30.0, -8.0, 5.666666666666666, 2.3333333333333335]
 运算符栈:['-', '*', '(', '(', '+', '*', '(', '+', '*']
 待入栈运算符:99

2018-12-01 14:31:40
 数字栈:[1.0, 2.0, 30.0, -8.0, 5.666666666666666, 2.3333333333333335, 99.0]
 运算符栈:['-', '*', '(', '(', '+', '*', '(', '+', '*']
 待入栈运算符:/

2018-12-01 14:31:40
 数字栈:[1.0, 2.0, 30.0, -8.0, 5.666666666666666, 231.00000000000003]
 运算符栈:['-', '*', '(', '(', '+', '*', '(', '+', '/']
 待入栈运算符:4

2018-12-01 14:31:40
 数字栈:[1.0, 2.0, 30.0, -8.0, 5.666666666666666, 231.00000000000003, 4.0]
 运算符栈:['-', '*', '(', '(', '+', '*', '(', '+', '/']
 待入栈运算符:*

2018-12-01 14:31:40
 数字栈:[1.0, 2.0, 30.0, -8.0, 5.666666666666666, 57.75000000000001]
 运算符栈:['-', '*', '(', '(', '+', '*', '(', '+', '*']
 待入栈运算符:2998

2018-12-01 14:31:40
 数字栈:[1.0, 2.0, 30.0, -8.0, 5.666666666666666, 57.75000000000001, 2998.0]
 运算符栈:['-', '*', '(', '(', '+', '*', '(', '+', '*']
 待入栈运算符:+

2018-12-01 14:31:40
 数字栈:[1.0, 2.0, 30.0, -8.0, 173140.1666666667]
 运算符栈:['-', '*', '(', '(', '+', '*', '(', '+']
 待入栈运算符:10

2018-12-01 14:31:40
 数字栈:[1.0, 2.0, 30.0, -8.0, 173140.1666666667, 10.0]
 运算符栈:['-', '*', '(', '(', '+', '*', '(', '+']
 待入栈运算符:*

2018-12-01 14:31:40
 数字栈:[1.0, 2.0, 30.0, -8.0, 173140.1666666667, 10.0]
 运算符栈:['-', '*', '(', '(', '+', '*', '(', '+', '*']
 待入栈运算符:568

2018-12-01 14:31:40
 数字栈:[1.0, 2.0, 30.0, -8.0, 173140.1666666667, 10.0, 568.0]
 运算符栈:['-', '*', '(', '(', '+', '*', '(', '+', '*']
 待入栈运算符:/

2018-12-01 14:31:40
 数字栈:[1.0, 2.0, 30.0, -8.0, 173140.1666666667, 5680.0]
 运算符栈:['-', '*', '(', '(', '+', '*', '(', '+', '/']
 待入栈运算符:14

2018-12-01 14:31:40
 数字栈:[1.0, 2.0, 30.0, -8.0, 173140.1666666667, 5680.0, 14.0]
 运算符栈:['-', '*', '(', '(', '+', '*', '(', '+', '/']
 待入栈运算符:)

2018-12-01 14:31:40
 数字栈:[1.0, 2.0, 30.0, -8.0, 173545.88095238098]
 运算符栈:['-', '*', '(', '(', '+', '*']
 待入栈运算符:)

2018-12-01 14:31:40
 数字栈:[1.0, 2.0, -1388337.0476190478]
 运算符栈:['-', '*', '(']
 待入栈运算符:-

2018-12-01 14:31:40
 数字栈:[1.0, 2.0, -1388337.0476190478]
 运算符栈:['-', '*', '(', '-']
 待入栈运算符:(

2018-12-01 14:31:40
 数字栈:[1.0, 2.0, -1388337.0476190478]
 运算符栈:['-', '*', '(', '-', '(']
 待入栈运算符:-4

2018-12-01 14:31:40
 数字栈:[1.0, 2.0, -1388337.0476190478, -4.0]
 运算符栈:['-', '*', '(', '-', '(']
 待入栈运算符:*

2018-12-01 14:31:40
 数字栈:[1.0, 2.0, -1388337.0476190478, -4.0]
 运算符栈:['-', '*', '(', '-', '(', '*']
 待入栈运算符:3

2018-12-01 14:31:40
 数字栈:[1.0, 2.0, -1388337.0476190478, -4.0, 3.0]
 运算符栈:['-', '*', '(', '-', '(', '*']
 待入栈运算符:)

2018-12-01 14:31:40
 数字栈:[1.0, 2.0, -1388337.0476190478, -12.0]
 运算符栈:['-', '*', '(', '-']
 待入栈运算符:/

2018-12-01 14:31:40
 数字栈:[1.0, 2.0, -1388337.0476190478, -12.0]
 运算符栈:['-', '*', '(', '-', '/']
 待入栈运算符:(

2018-12-01 14:31:40
 数字栈:[1.0, 2.0, -1388337.0476190478, -12.0]
 运算符栈:['-', '*', '(', '-', '/', '(']
 待入栈运算符:16

2018-12-01 14:31:40
 数字栈:[1.0, 2.0, -1388337.0476190478, -12.0, 16.0]
 运算符栈:['-', '*', '(', '-', '/', '(']
 待入栈运算符:-

2018-12-01 14:31:40
 数字栈:[1.0, 2.0, -1388337.0476190478, -12.0, 16.0]
 运算符栈:['-', '*', '(', '-', '/', '(', '-']
 待入栈运算符:3

2018-12-01 14:31:40
 数字栈:[1.0, 2.0, -1388337.0476190478, -12.0, 16.0, 3.0]
 运算符栈:['-', '*', '(', '-', '/', '(', '-']
 待入栈运算符:*

2018-12-01 14:31:40
 数字栈:[1.0, 2.0, -1388337.0476190478, -12.0, 16.0, 3.0]
 运算符栈:['-', '*', '(', '-', '/', '(', '-', '*']
 待入栈运算符:2

2018-12-01 14:31:40
 数字栈:[1.0, 2.0, -1388337.0476190478, -12.0, 16.0, 3.0, 2.0]
 运算符栈:['-', '*', '(', '-', '/', '(', '-', '*']
 待入栈运算符:)

2018-12-01 14:31:40
 数字栈:[1.0, 2.0, -1388337.0476190478, -12.0, 10.0]
 运算符栈:['-', '*', '(', '-', '/']
 待入栈运算符:)

2018-12-01 14:33:22
 数字栈:[]
 运算符栈:[]
 待入栈运算符:1

2018-12-01 14:33:22
 数字栈:[1.0]
 运算符栈:[]
 待入栈运算符:-

2018-12-01 14:33:22
 数字栈:[1.0]
 运算符栈:['-']
 待入栈运算符:2

2018-12-01 14:33:22
 数字栈:[1.0, 2.0]
 运算符栈:['-']
 待入栈运算符:*

2018-12-01 14:33:22
 数字栈:[1.0, 2.0]
 运算符栈:['-', '*']
 待入栈运算符:(

2018-12-01 14:33:22
 数字栈:[1.0, 2.0]
 运算符栈:['-', '*', '(']
 待入栈运算符:(

2018-12-01 14:33:22
 数字栈:[1.0, 2.0]
 运算符栈:['-', '*', '(', '(']
 待入栈运算符:60

2018-12-01 14:33:22
 数字栈:[1.0, 2.0, 60.0]
 运算符栈:['-', '*', '(', '(']
 待入栈运算符:-

2018-12-01 14:33:22
 数字栈:[1.0, 2.0, 60.0]
 运算符栈:['-', '*', '(', '(', '-']
 待入栈运算符:30

2018-12-01 14:33:22
 数字栈:[1.0, 2.0, 60.0, 30.0]
 运算符栈:['-', '*', '(', '(', '-']
 待入栈运算符:+

2018-12-01 14:33:22
 数字栈:[1.0, 2.0, 30.0]
 运算符栈:['-', '*', '(', '(', '+']
 待入栈运算符:(

2018-12-01 14:33:22
 数字栈:[1.0, 2.0, 30.0]
 运算符栈:['-', '*', '(', '(', '+', '(']
 待入栈运算符:-40

2018-12-01 14:33:22
 数字栈:[1.0, 2.0, 30.0, -40.0]
 运算符栈:['-', '*', '(', '(', '+', '(']
 待入栈运算符:/

2018-12-01 14:33:22
 数字栈:[1.0, 2.0, 30.0, -40.0]
 运算符栈:['-', '*', '(', '(', '+', '(', '/']
 待入栈运算符:5

2018-12-01 14:33:22
 数字栈:[1.0, 2.0, 30.0, -40.0, 5.0]
 运算符栈:['-', '*', '(', '(', '+', '(', '/']
 待入栈运算符:)

2018-12-01 14:33:22
 数字栈:[1.0, 2.0, 30.0, -8.0]
 运算符栈:['-', '*', '(', '(', '+']
 待入栈运算符:*

2018-12-01 14:33:22
 数字栈:[1.0, 2.0, 30.0, -8.0]
 运算符栈:['-', '*', '(', '(', '+', '*']
 待入栈运算符:(

2018-12-01 14:33:22
 数字栈:[1.0, 2.0, 30.0, -8.0]
 运算符栈:['-', '*', '(', '(', '+', '*', '(']
 待入栈运算符:9

2018-12-01 14:33:22
 数字栈:[1.0, 2.0, 30.0, -8.0, 9.0]
 运算符栈:['-', '*', '(', '(', '+', '*', '(']
 待入栈运算符:-

2018-12-01 14:33:22
 数字栈:[1.0, 2.0, 30.0, -8.0, 9.0]
 运算符栈:['-', '*', '(', '(', '+', '*', '(', '-']
 待入栈运算符:2

2018-12-01 14:33:22
 数字栈:[1.0, 2.0, 30.0, -8.0, 9.0, 2.0]
 运算符栈:['-', '*', '(', '(', '+', '*', '(', '-']
 待入栈运算符:*

2018-12-01 14:33:22
 数字栈:[1.0, 2.0, 30.0, -8.0, 9.0, 2.0]
 运算符栈:['-', '*', '(', '(', '+', '*', '(', '-', '*']
 待入栈运算符:5

2018-12-01 14:33:22
 数字栈:[1.0, 2.0, 30.0, -8.0, 9.0, 2.0, 5.0]
 运算符栈:['-', '*', '(', '(', '+', '*', '(', '-', '*']
 待入栈运算符:/

2018-12-01 14:33:22
 数字栈:[1.0, 2.0, 30.0, -8.0, 9.0, 10.0]
 运算符栈:['-', '*', '(', '(', '+', '*', '(', '-', '/']
 待入栈运算符:3

2018-12-01 14:33:22
 数字栈:[1.0, 2.0, 30.0, -8.0, 9.0, 10.0, 3.0]
 运算符栈:['-', '*', '(', '(', '+', '*', '(', '-', '/']
 待入栈运算符:+

2018-12-01 14:33:22
 数字栈:[1.0, 2.0, 30.0, -8.0, 5.666666666666666]
 运算符栈:['-', '*', '(', '(', '+', '*', '(', '+']
 待入栈运算符:7

2018-12-01 14:33:22
 数字栈:[1.0, 2.0, 30.0, -8.0, 5.666666666666666, 7.0]
 运算符栈:['-', '*', '(', '(', '+', '*', '(', '+']
 待入栈运算符:/

2018-12-01 14:33:22
 数字栈:[1.0, 2.0, 30.0, -8.0, 5.666666666666666, 7.0]
 运算符栈:['-', '*', '(', '(', '+', '*', '(', '+', '/']
 待入栈运算符:3

2018-12-01 14:33:22
 数字栈:[1.0, 2.0, 30.0, -8.0, 5.666666666666666, 7.0, 3.0]
 运算符栈:['-', '*', '(', '(', '+', '*', '(', '+', '/']
 待入栈运算符:*

2018-12-01 14:33:22
 数字栈:[1.0, 2.0, 30.0, -8.0, 5.666666666666666, 2.3333333333333335]
 运算符栈:['-', '*', '(', '(', '+', '*', '(', '+', '*']
 待入栈运算符:99

2018-12-01 14:33:22
 数字栈:[1.0, 2.0, 30.0, -8.0, 5.666666666666666, 2.3333333333333335, 99.0]
 运算符栈:['-', '*', '(', '(', '+', '*', '(', '+', '*']
 待入栈运算符:/

2018-12-01 14:33:22
 数字栈:[1.0, 2.0, 30.0, -8.0, 5.666666666666666, 231.00000000000003]
 运算符栈:['-', '*', '(', '(', '+', '*', '(', '+', '/']
 待入栈运算符:4

2018-12-01 14:33:22
 数字栈:[1.0, 2.0, 30.0, -8.0, 5.666666666666666, 231.00000000000003, 4.0]
 运算符栈:['-', '*', '(', '(', '+', '*', '(', '+', '/']
 待入栈运算符:*

2018-12-01 14:33:22
 数字栈:[1.0, 2.0, 30.0, -8.0, 5.666666666666666, 57.75000000000001]
 运算符栈:['-', '*', '(', '(', '+', '*', '(', '+', '*']
 待入栈运算符:2998

2018-12-01 14:33:22
 数字栈:[1.0, 2.0, 30.0, -8.0, 5.666666666666666, 57.75000000000001, 2998.0]
 运算符栈:['-', '*', '(', '(', '+', '*', '(', '+', '*']
 待入栈运算符:+

2018-12-01 14:33:22
 数字栈:[1.0, 2.0, 30.0, -8.0, 173140.1666666667]
 运算符栈:['-', '*', '(', '(', '+', '*', '(', '+']
 待入栈运算符:10

2018-12-01 14:33:22
 数字栈:[1.0, 2.0, 30.0, -8.0, 173140.1666666667, 10.0]
 运算符栈:['-', '*', '(', '(', '+', '*', '(', '+']
 待入栈运算符:*

2018-12-01 14:33:22
 数字栈:[1.0, 2.0, 30.0, -8.0, 173140.1666666667, 10.0]
 运算符栈:['-', '*', '(', '(', '+', '*', '(', '+', '*']
 待入栈运算符:568

2018-12-01 14:33:22
 数字栈:[1.0, 2.0, 30.0, -8.0, 173140.1666666667, 10.0, 568.0]
 运算符栈:['-', '*', '(', '(', '+', '*', '(', '+', '*']
 待入栈运算符:/

2018-12-01 14:33:22
 数字栈:[1.0, 2.0, 30.0, -8.0, 173140.1666666667, 5680.0]
 运算符栈:['-', '*', '(', '(', '+', '*', '(', '+', '/']
 待入栈运算符:14

2018-12-01 14:33:22
 数字栈:[1.0, 2.0, 30.0, -8.0, 173140.1666666667, 5680.0, 14.0]
 运算符栈:['-', '*', '(', '(', '+', '*', '(', '+', '/']
 待入栈运算符:)

2018-12-01 14:33:22
 数字栈:[1.0, 2.0, 30.0, -8.0, 173545.88095238098]
 运算符栈:['-', '*', '(', '(', '+', '*']
 待入栈运算符:)

2018-12-01 14:33:22
 数字栈:[1.0, 2.0, -1388337.0476190478]
 运算符栈:['-', '*', '(']
 待入栈运算符:-

2018-12-01 14:33:22
 数字栈:[1.0, 2.0, -1388337.0476190478]
 运算符栈:['-', '*', '(', '-']
 待入栈运算符:(

2018-12-01 14:33:22
 数字栈:[1.0, 2.0, -1388337.0476190478]
 运算符栈:['-', '*', '(', '-', '(']
 待入栈运算符:-4

2018-12-01 14:33:22
 数字栈:[1.0, 2.0, -1388337.0476190478, -4.0]
 运算符栈:['-', '*', '(', '-', '(']
 待入栈运算符:*

2018-12-01 14:33:22
 数字栈:[1.0, 2.0, -1388337.0476190478, -4.0]
 运算符栈:['-', '*', '(', '-', '(', '*']
 待入栈运算符:3

2018-12-01 14:33:22
 数字栈:[1.0, 2.0, -1388337.0476190478, -4.0, 3.0]
 运算符栈:['-', '*', '(', '-', '(', '*']
 待入栈运算符:)

2018-12-01 14:33:22
 数字栈:[1.0, 2.0, -1388337.0476190478, -12.0]
 运算符栈:['-', '*', '(', '-']
 待入栈运算符:/

2018-12-01 14:33:22
 数字栈:[1.0, 2.0, -1388337.0476190478, -12.0]
 运算符栈:['-', '*', '(', '-', '/']
 待入栈运算符:(

2018-12-01 14:33:22
 数字栈:[1.0, 2.0, -1388337.0476190478, -12.0]
 运算符栈:['-', '*', '(', '-', '/', '(']
 待入栈运算符:16

2018-12-01 14:33:22
 数字栈:[1.0, 2.0, -1388337.0476190478, -12.0, 16.0]
 运算符栈:['-', '*', '(', '-', '/', '(']
 待入栈运算符:-

2018-12-01 14:33:22
 数字栈:[1.0, 2.0, -1388337.0476190478, -12.0, 16.0]
 运算符栈:['-', '*', '(', '-', '/', '(', '-']
 待入栈运算符:3

2018-12-01 14:33:22
 数字栈:[1.0, 2.0, -1388337.0476190478, -12.0, 16.0, 3.0]
 运算符栈:['-', '*', '(', '-', '/', '(', '-']
 待入栈运算符:*

2018-12-01 14:33:22
 数字栈:[1.0, 2.0, -1388337.0476190478, -12.0, 16.0, 3.0]
 运算符栈:['-', '*', '(', '-', '/', '(', '-', '*']
 待入栈运算符:2

2018-12-01 14:33:22
 数字栈:[1.0, 2.0, -1388337.0476190478, -12.0, 16.0, 3.0, 2.0]
 运算符栈:['-', '*', '(', '-', '/', '(', '-', '*']
 待入栈运算符:)

2018-12-01 14:33:22
 数字栈:[1.0, 2.0, -1388337.0476190478, -12.0, 10.0]
 运算符栈:['-', '*', '(', '-', '/']
 待入栈运算符:)

2018-12-01 14:37:34
 数字栈:[]
 运算符栈:[]
 待入栈运算符:1

2018-12-01 14:37:34
 数字栈:[1.0]
 运算符栈:[]
 待入栈运算符:-

2018-12-01 14:37:34
 数字栈:[1.0]
 运算符栈:['-']
 待入栈运算符:2

2018-12-01 14:37:34
 数字栈:[1.0, 2.0]
 运算符栈:['-']
 待入栈运算符:*

2018-12-01 14:37:34
 数字栈:[1.0, 2.0]
 运算符栈:['-', '*']
 待入栈运算符:(

2018-12-01 14:37:34
 数字栈:[1.0, 2.0]
 运算符栈:['-', '*', '(']
 待入栈运算符:(

2018-12-01 14:37:34
 数字栈:[1.0, 2.0]
 运算符栈:['-', '*', '(', '(']
 待入栈运算符:60

2018-12-01 14:37:34
 数字栈:[1.0, 2.0, 60.0]
 运算符栈:['-', '*', '(', '(']
 待入栈运算符:-

2018-12-01 14:37:34
 数字栈:[1.0, 2.0, 60.0]
 运算符栈:['-', '*', '(', '(', '-']
 待入栈运算符:30

2018-12-01 14:37:34
 数字栈:[1.0, 2.0, 60.0, 30.0]
 运算符栈:['-', '*', '(', '(', '-']
 待入栈运算符:+

2018-12-01 14:37:34
 数字栈:[1.0, 2.0, 30.0]
 运算符栈:['-', '*', '(', '(', '+']
 待入栈运算符:(

2018-12-01 14:37:34
 数字栈:[1.0, 2.0, 30.0]
 运算符栈:['-', '*', '(', '(', '+', '(']
 待入栈运算符:-40

2018-12-01 14:37:34
 数字栈:[1.0, 2.0, 30.0, -40.0]
 运算符栈:['-', '*', '(', '(', '+', '(']
 待入栈运算符:/

2018-12-01 14:37:34
 数字栈:[1.0, 2.0, 30.0, -40.0]
 运算符栈:['-', '*', '(', '(', '+', '(', '/']
 待入栈运算符:5

2018-12-01 14:37:34
 数字栈:[1.0, 2.0, 30.0, -40.0, 5.0]
 运算符栈:['-', '*', '(', '(', '+', '(', '/']
 待入栈运算符:)

2018-12-01 14:37:34
 数字栈:[1.0, 2.0, 30.0, -8.0]
 运算符栈:['-', '*', '(', '(', '+']
 待入栈运算符:*

2018-12-01 14:37:34
 数字栈:[1.0, 2.0, 30.0, -8.0]
 运算符栈:['-', '*', '(', '(', '+', '*']
 待入栈运算符:(

2018-12-01 14:37:34
 数字栈:[1.0, 2.0, 30.0, -8.0]
 运算符栈:['-', '*', '(', '(', '+', '*', '(']
 待入栈运算符:9

2018-12-01 14:37:34
 数字栈:[1.0, 2.0, 30.0, -8.0, 9.0]
 运算符栈:['-', '*', '(', '(', '+', '*', '(']
 待入栈运算符:-

2018-12-01 14:37:34
 数字栈:[1.0, 2.0, 30.0, -8.0, 9.0]
 运算符栈:['-', '*', '(', '(', '+', '*', '(', '-']
 待入栈运算符:2

2018-12-01 14:37:34
 数字栈:[1.0, 2.0, 30.0, -8.0, 9.0, 2.0]
 运算符栈:['-', '*', '(', '(', '+', '*', '(', '-']
 待入栈运算符:*

2018-12-01 14:37:34
 数字栈:[1.0, 2.0, 30.0, -8.0, 9.0, 2.0]
 运算符栈:['-', '*', '(', '(', '+', '*', '(', '-', '*']
 待入栈运算符:5

2018-12-01 14:37:34
 数字栈:[1.0, 2.0, 30.0, -8.0, 9.0, 2.0, 5.0]
 运算符栈:['-', '*', '(', '(', '+', '*', '(', '-', '*']
 待入栈运算符:/

2018-12-01 14:37:34
 数字栈:[1.0, 2.0, 30.0, -8.0, 9.0, 10.0]
 运算符栈:['-', '*', '(', '(', '+', '*', '(', '-', '/']
 待入栈运算符:3

2018-12-01 14:37:34
 数字栈:[1.0, 2.0, 30.0, -8.0, 9.0, 10.0, 3.0]
 运算符栈:['-', '*', '(', '(', '+', '*', '(', '-', '/']
 待入栈运算符:+

2018-12-01 14:37:34
 数字栈:[1.0, 2.0, 30.0, -8.0, 5.666666666666666]
 运算符栈:['-', '*', '(', '(', '+', '*', '(', '+']
 待入栈运算符:7

2018-12-01 14:37:34
 数字栈:[1.0, 2.0, 30.0, -8.0, 5.666666666666666, 7.0]
 运算符栈:['-', '*', '(', '(', '+', '*', '(', '+']
 待入栈运算符:/

2018-12-01 14:37:34
 数字栈:[1.0, 2.0, 30.0, -8.0, 5.666666666666666, 7.0]
 运算符栈:['-', '*', '(', '(', '+', '*', '(', '+', '/']
 待入栈运算符:3

2018-12-01 14:37:34
 数字栈:[1.0, 2.0, 30.0, -8.0, 5.666666666666666, 7.0, 3.0]
 运算符栈:['-', '*', '(', '(', '+', '*', '(', '+', '/']
 待入栈运算符:*

2018-12-01 14:37:34
 数字栈:[1.0, 2.0, 30.0, -8.0, 5.666666666666666, 2.3333333333333335]
 运算符栈:['-', '*', '(', '(', '+', '*', '(', '+', '*']
 待入栈运算符:99

2018-12-01 14:37:34
 数字栈:[1.0, 2.0, 30.0, -8.0, 5.666666666666666, 2.3333333333333335, 99.0]
 运算符栈:['-', '*', '(', '(', '+', '*', '(', '+', '*']
 待入栈运算符:/

2018-12-01 14:37:34
 数字栈:[1.0, 2.0, 30.0, -8.0, 5.666666666666666, 231.00000000000003]
 运算符栈:['-', '*', '(', '(', '+', '*', '(', '+', '/']
 待入栈运算符:4

2018-12-01 14:37:34
 数字栈:[1.0, 2.0, 30.0, -8.0, 5.666666666666666, 231.00000000000003, 4.0]
 运算符栈:['-', '*', '(', '(', '+', '*', '(', '+', '/']
 待入栈运算符:*

2018-12-01 14:37:34
 数字栈:[1.0, 2.0, 30.0, -8.0, 5.666666666666666, 57.75000000000001]
 运算符栈:['-', '*', '(', '(', '+', '*', '(', '+', '*']
 待入栈运算符:2998

2018-12-01 14:37:34
 数字栈:[1.0, 2.0, 30.0, -8.0, 5.666666666666666, 57.75000000000001, 2998.0]
 运算符栈:['-', '*', '(', '(', '+', '*', '(', '+', '*']
 待入栈运算符:+

2018-12-01 14:37:34
 数字栈:[1.0, 2.0, 30.0, -8.0, 173140.1666666667]
 运算符栈:['-', '*', '(', '(', '+', '*', '(', '+']
 待入栈运算符:10

2018-12-01 14:37:34
 数字栈:[1.0, 2.0, 30.0, -8.0, 173140.1666666667, 10.0]
 运算符栈:['-', '*', '(', '(', '+', '*', '(', '+']
 待入栈运算符:*

2018-12-01 14:37:34
 数字栈:[1.0, 2.0, 30.0, -8.0, 173140.1666666667, 10.0]
 运算符栈:['-', '*', '(', '(', '+', '*', '(', '+', '*']
 待入栈运算符:568

2018-12-01 14:37:34
 数字栈:[1.0, 2.0, 30.0, -8.0, 173140.1666666667, 10.0, 568.0]
 运算符栈:['-', '*', '(', '(', '+', '*', '(', '+', '*']
 待入栈运算符:/

2018-12-01 14:37:34
 数字栈:[1.0, 2.0, 30.0, -8.0, 173140.1666666667, 5680.0]
 运算符栈:['-', '*', '(', '(', '+', '*', '(', '+', '/']
 待入栈运算符:14

2018-12-01 14:37:34
 数字栈:[1.0, 2.0, 30.0, -8.0, 173140.1666666667, 5680.0, 14.0]
 运算符栈:['-', '*', '(', '(', '+', '*', '(', '+', '/']
 待入栈运算符:)

2018-12-01 14:37:34
 数字栈:[1.0, 2.0, 30.0, -8.0, 173545.88095238098]
 运算符栈:['-', '*', '(', '(', '+', '*']
 待入栈运算符:)

2018-12-01 14:37:34
 数字栈:[1.0, 2.0, -1388337.0476190478]
 运算符栈:['-', '*', '(']
 待入栈运算符:-

2018-12-01 14:37:34
 数字栈:[1.0, 2.0, -1388337.0476190478]
 运算符栈:['-', '*', '(', '-']
 待入栈运算符:(

2018-12-01 14:37:34
 数字栈:[1.0, 2.0, -1388337.0476190478]
 运算符栈:['-', '*', '(', '-', '(']
 待入栈运算符:-4

2018-12-01 14:37:34
 数字栈:[1.0, 2.0, -1388337.0476190478, -4.0]
 运算符栈:['-', '*', '(', '-', '(']
 待入栈运算符:*

2018-12-01 14:37:34
 数字栈:[1.0, 2.0, -1388337.0476190478, -4.0]
 运算符栈:['-', '*', '(', '-', '(', '*']
 待入栈运算符:3

2018-12-01 14:37:34
 数字栈:[1.0, 2.0, -1388337.0476190478, -4.0, 3.0]
 运算符栈:['-', '*', '(', '-', '(', '*']
 待入栈运算符:)

2018-12-01 14:37:34
 数字栈:[1.0, 2.0, -1388337.0476190478, -12.0]
 运算符栈:['-', '*', '(', '-']
 待入栈运算符:/

2018-12-01 14:37:34
 数字栈:[1.0, 2.0, -1388337.0476190478, -12.0]
 运算符栈:['-', '*', '(', '-', '/']
 待入栈运算符:(

2018-12-01 14:37:34
 数字栈:[1.0, 2.0, -1388337.0476190478, -12.0]
 运算符栈:['-', '*', '(', '-', '/', '(']
 待入栈运算符:16

2018-12-01 14:37:34
 数字栈:[1.0, 2.0, -1388337.0476190478, -12.0, 16.0]
 运算符栈:['-', '*', '(', '-', '/', '(']
 待入栈运算符:-

2018-12-01 14:37:34
 数字栈:[1.0, 2.0, -1388337.0476190478, -12.0, 16.0]
 运算符栈:['-', '*', '(', '-', '/', '(', '-']
 待入栈运算符:3

2018-12-01 14:37:34
 数字栈:[1.0, 2.0, -1388337.0476190478, -12.0, 16.0, 3.0]
 运算符栈:['-', '*', '(', '-', '/', '(', '-']
 待入栈运算符:*

2018-12-01 14:37:34
 数字栈:[1.0, 2.0, -1388337.0476190478, -12.0, 16.0, 3.0]
 运算符栈:['-', '*', '(', '-', '/', '(', '-', '*']
 待入栈运算符:2

2018-12-01 14:37:34
 数字栈:[1.0, 2.0, -1388337.0476190478, -12.0, 16.0, 3.0, 2.0]
 运算符栈:['-', '*', '(', '-', '/', '(', '-', '*']
 待入栈运算符:)

2018-12-01 14:37:34
 数字栈:[1.0, 2.0, -1388337.0476190478, -12.0, 10.0]
 运算符栈:['-', '*', '(', '-', '/']
 待入栈运算符:)

2018-12-07 16:01:56
 数字栈:[]
 运算符栈:[]
 待入栈运算符:1

2018-12-07 16:01:56
 数字栈:[1.0]
 运算符栈:[]
 待入栈运算符:-

2018-12-07 16:01:56
 数字栈:[1.0]
 运算符栈:['-']
 待入栈运算符:2

2018-12-07 16:01:56
 数字栈:[1.0, 2.0]
 运算符栈:['-']
 待入栈运算符:*

2018-12-07 16:01:56
 数字栈:[1.0, 2.0]
 运算符栈:['-', '*']
 待入栈运算符:(

2018-12-07 16:01:56
 数字栈:[1.0, 2.0]
 运算符栈:['-', '*', '(']
 待入栈运算符:(

2018-12-07 16:01:56
 数字栈:[1.0, 2.0]
 运算符栈:['-', '*', '(', '(']
 待入栈运算符:60

2018-12-07 16:01:56
 数字栈:[1.0, 2.0, 60.0]
 运算符栈:['-', '*', '(', '(']
 待入栈运算符:-

2018-12-07 16:01:56
 数字栈:[1.0, 2.0, 60.0]
 运算符栈:['-', '*', '(', '(', '-']
 待入栈运算符:30

2018-12-07 16:01:56
 数字栈:[1.0, 2.0, 60.0, 30.0]
 运算符栈:['-', '*', '(', '(', '-']
 待入栈运算符:+

2018-12-07 16:01:56
 数字栈:[1.0, 2.0, 30.0]
 运算符栈:['-', '*', '(', '(', '+']
 待入栈运算符:(

2018-12-07 16:01:56
 数字栈:[1.0, 2.0, 30.0]
 运算符栈:['-', '*', '(', '(', '+', '(']
 待入栈运算符:-40

2018-12-07 16:01:56
 数字栈:[1.0, 2.0, 30.0, -40.0]
 运算符栈:['-', '*', '(', '(', '+', '(']
 待入栈运算符:/

2018-12-07 16:01:56
 数字栈:[1.0, 2.0, 30.0, -40.0]
 运算符栈:['-', '*', '(', '(', '+', '(', '/']
 待入栈运算符:5

2018-12-07 16:01:56
 数字栈:[1.0, 2.0, 30.0, -40.0, 5.0]
 运算符栈:['-', '*', '(', '(', '+', '(', '/']
 待入栈运算符:)

2018-12-07 16:01:56
 数字栈:[1.0, 2.0, 30.0, -8.0]
 运算符栈:['-', '*', '(', '(', '+']
 待入栈运算符:*

2018-12-07 16:01:56
 数字栈:[1.0, 2.0, 30.0, -8.0]
 运算符栈:['-', '*', '(', '(', '+', '*']
 待入栈运算符:(

2018-12-07 16:01:56
 数字栈:[1.0, 2.0, 30.0, -8.0]
 运算符栈:['-', '*', '(', '(', '+', '*', '(']
 待入栈运算符:9

2018-12-07 16:01:56
 数字栈:[1.0, 2.0, 30.0, -8.0, 9.0]
 运算符栈:['-', '*', '(', '(', '+', '*', '(']
 待入栈运算符:-

2018-12-07 16:01:56
 数字栈:[1.0, 2.0, 30.0, -8.0, 9.0]
 运算符栈:['-', '*', '(', '(', '+', '*', '(', '-']
 待入栈运算符:2

2018-12-07 16:01:56
 数字栈:[1.0, 2.0, 30.0, -8.0, 9.0, 2.0]
 运算符栈:['-', '*', '(', '(', '+', '*', '(', '-']
 待入栈运算符:*

2018-12-07 16:01:56
 数字栈:[1.0, 2.0, 30.0, -8.0, 9.0, 2.0]
 运算符栈:['-', '*', '(', '(', '+', '*', '(', '-', '*']
 待入栈运算符:5

2018-12-07 16:01:56
 数字栈:[1.0, 2.0, 30.0, -8.0, 9.0, 2.0, 5.0]
 运算符栈:['-', '*', '(', '(', '+', '*', '(', '-', '*']
 待入栈运算符:/

2018-12-07 16:01:56
 数字栈:[1.0, 2.0, 30.0, -8.0, 9.0, 10.0]
 运算符栈:['-', '*', '(', '(', '+', '*', '(', '-', '/']
 待入栈运算符:3

2018-12-07 16:01:56
 数字栈:[1.0, 2.0, 30.0, -8.0, 9.0, 10.0, 3.0]
 运算符栈:['-', '*', '(', '(', '+', '*', '(', '-', '/']
 待入栈运算符:+

2018-12-07 16:01:56
 数字栈:[1.0, 2.0, 30.0, -8.0, 5.666666666666666]
 运算符栈:['-', '*', '(', '(', '+', '*', '(', '+']
 待入栈运算符:7

2018-12-07 16:01:56
 数字栈:[1.0, 2.0, 30.0, -8.0, 5.666666666666666, 7.0]
 运算符栈:['-', '*', '(', '(', '+', '*', '(', '+']
 待入栈运算符:/

2018-12-07 16:01:56
 数字栈:[1.0, 2.0, 30.0, -8.0, 5.666666666666666, 7.0]
 运算符栈:['-', '*', '(', '(', '+', '*', '(', '+', '/']
 待入栈运算符:3

2018-12-07 16:01:56
 数字栈:[1.0, 2.0, 30.0, -8.0, 5.666666666666666, 7.0, 3.0]
 运算符栈:['-', '*', '(', '(', '+', '*', '(', '+', '/']
 待入栈运算符:*

2018-12-07 16:01:56
 数字栈:[1.0, 2.0, 30.0, -8.0, 5.666666666666666, 2.3333333333333335]
 运算符栈:['-', '*', '(', '(', '+', '*', '(', '+', '*']
 待入栈运算符:99

2018-12-07 16:01:56
 数字栈:[1.0, 2.0, 30.0, -8.0, 5.666666666666666, 2.3333333333333335, 99.0]
 运算符栈:['-', '*', '(', '(', '+', '*', '(', '+', '*']
 待入栈运算符:/

2018-12-07 16:01:56
 数字栈:[1.0, 2.0, 30.0, -8.0, 5.666666666666666, 231.00000000000003]
 运算符栈:['-', '*', '(', '(', '+', '*', '(', '+', '/']
 待入栈运算符:4

2018-12-07 16:01:56
 数字栈:[1.0, 2.0, 30.0, -8.0, 5.666666666666666, 231.00000000000003, 4.0]
 运算符栈:['-', '*', '(', '(', '+', '*', '(', '+', '/']
 待入栈运算符:*

2018-12-07 16:01:56
 数字栈:[1.0, 2.0, 30.0, -8.0, 5.666666666666666, 57.75000000000001]
 运算符栈:['-', '*', '(', '(', '+', '*', '(', '+', '*']
 待入栈运算符:2998

2018-12-07 16:01:56
 数字栈:[1.0, 2.0, 30.0, -8.0, 5.666666666666666, 57.75000000000001, 2998.0]
 运算符栈:['-', '*', '(', '(', '+', '*', '(', '+', '*']
 待入栈运算符:+

2018-12-07 16:01:56
 数字栈:[1.0, 2.0, 30.0, -8.0, 173140.1666666667]
 运算符栈:['-', '*', '(', '(', '+', '*', '(', '+']
 待入栈运算符:10

2018-12-07 16:01:56
 数字栈:[1.0, 2.0, 30.0, -8.0, 173140.1666666667, 10.0]
 运算符栈:['-', '*', '(', '(', '+', '*', '(', '+']
 待入栈运算符:*

2018-12-07 16:01:56
 数字栈:[1.0, 2.0, 30.0, -8.0, 173140.1666666667, 10.0]
 运算符栈:['-', '*', '(', '(', '+', '*', '(', '+', '*']
 待入栈运算符:568

2018-12-07 16:01:56
 数字栈:[1.0, 2.0, 30.0, -8.0, 173140.1666666667, 10.0, 568.0]
 运算符栈:['-', '*', '(', '(', '+', '*', '(', '+', '*']
 待入栈运算符:/

2018-12-07 16:01:56
 数字栈:[1.0, 2.0, 30.0, -8.0, 173140.1666666667, 5680.0]
 运算符栈:['-', '*', '(', '(', '+', '*', '(', '+', '/']
 待入栈运算符:14

2018-12-07 16:01:56
 数字栈:[1.0, 2.0, 30.0, -8.0, 173140.1666666667, 5680.0, 14.0]
 运算符栈:['-', '*', '(', '(', '+', '*', '(', '+', '/']
 待入栈运算符:)

2018-12-07 16:01:56
 数字栈:[1.0, 2.0, 30.0, -8.0, 173545.88095238098]
 运算符栈:['-', '*', '(', '(', '+', '*']
 待入栈运算符:)

2018-12-07 16:01:56
 数字栈:[1.0, 2.0, -1388337.0476190478]
 运算符栈:['-', '*', '(']
 待入栈运算符:-

2018-12-07 16:01:56
 数字栈:[1.0, 2.0, -1388337.0476190478]
 运算符栈:['-', '*', '(', '-']
 待入栈运算符:(

2018-12-07 16:01:56
 数字栈:[1.0, 2.0, -1388337.0476190478]
 运算符栈:['-', '*', '(', '-', '(']
 待入栈运算符:-4

2018-12-07 16:01:56
 数字栈:[1.0, 2.0, -1388337.0476190478, -4.0]
 运算符栈:['-', '*', '(', '-', '(']
 待入栈运算符:*

2018-12-07 16:01:56
 数字栈:[1.0, 2.0, -1388337.0476190478, -4.0]
 运算符栈:['-', '*', '(', '-', '(', '*']
 待入栈运算符:3

2018-12-07 16:01:56
 数字栈:[1.0, 2.0, -1388337.0476190478, -4.0, 3.0]
 运算符栈:['-', '*', '(', '-', '(', '*']
 待入栈运算符:)

2018-12-07 16:01:56
 数字栈:[1.0, 2.0, -1388337.0476190478, -12.0]
 运算符栈:['-', '*', '(', '-']
 待入栈运算符:/

2018-12-07 16:01:56
 数字栈:[1.0, 2.0, -1388337.0476190478, -12.0]
 运算符栈:['-', '*', '(', '-', '/']
 待入栈运算符:(

2018-12-07 16:01:56
 数字栈:[1.0, 2.0, -1388337.0476190478, -12.0]
 运算符栈:['-', '*', '(', '-', '/', '(']
 待入栈运算符:16

2018-12-07 16:01:56
 数字栈:[1.0, 2.0, -1388337.0476190478, -12.0, 16.0]
 运算符栈:['-', '*', '(', '-', '/', '(']
 待入栈运算符:-

2018-12-07 16:01:56
 数字栈:[1.0, 2.0, -1388337.0476190478, -12.0, 16.0]
 运算符栈:['-', '*', '(', '-', '/', '(', '-']
 待入栈运算符:3

2018-12-07 16:01:56
 数字栈:[1.0, 2.0, -1388337.0476190478, -12.0, 16.0, 3.0]
 运算符栈:['-', '*', '(', '-', '/', '(', '-']
 待入栈运算符:*

2018-12-07 16:01:56
 数字栈:[1.0, 2.0, -1388337.0476190478, -12.0, 16.0, 3.0]
 运算符栈:['-', '*', '(', '-', '/', '(', '-', '*']
 待入栈运算符:2

2018-12-07 16:01:56
 数字栈:[1.0, 2.0, -1388337.0476190478, -12.0, 16.0, 3.0, 2.0]
 运算符栈:['-', '*', '(', '-', '/', '(', '-', '*']
 待入栈运算符:)

2018-12-07 16:01:56
 数字栈:[1.0, 2.0, -1388337.0476190478, -12.0, 10.0]
 运算符栈:['-', '*', '(', '-', '/']
 待入栈运算符:)

2018-12-07 16:03:17
 数字栈:[]
 运算符栈:[]
 待入栈运算符:1

2018-12-07 16:03:17
 数字栈:[1.0]
 运算符栈:[]
 待入栈运算符:-

2018-12-07 16:03:17
 数字栈:[1.0]
 运算符栈:['-']
 待入栈运算符:2

2018-12-07 16:03:17
 数字栈:[1.0, 2.0]
 运算符栈:['-']
 待入栈运算符:*

2018-12-07 16:03:17
 数字栈:[1.0, 2.0]
 运算符栈:['-', '*']
 待入栈运算符:(

2018-12-07 16:03:17
 数字栈:[1.0, 2.0]
 运算符栈:['-', '*', '(']
 待入栈运算符:(

2018-12-07 16:03:17
 数字栈:[1.0, 2.0]
 运算符栈:['-', '*', '(', '(']
 待入栈运算符:60

2018-12-07 16:03:17
 数字栈:[1.0, 2.0, 60.0]
 运算符栈:['-', '*', '(', '(']
 待入栈运算符:-

2018-12-07 16:03:17
 数字栈:[1.0, 2.0, 60.0]
 运算符栈:['-', '*', '(', '(', '-']
 待入栈运算符:30

2018-12-07 16:03:17
 数字栈:[1.0, 2.0, 60.0, 30.0]
 运算符栈:['-', '*', '(', '(', '-']
 待入栈运算符:+

2018-12-07 16:03:17
 数字栈:[1.0, 2.0, 30.0]
 运算符栈:['-', '*', '(', '(', '+']
 待入栈运算符:(

2018-12-07 16:03:17
 数字栈:[1.0, 2.0, 30.0]
 运算符栈:['-', '*', '(', '(', '+', '(']
 待入栈运算符:-40

2018-12-07 16:03:17
 数字栈:[1.0, 2.0, 30.0, -40.0]
 运算符栈:['-', '*', '(', '(', '+', '(']
 待入栈运算符:/

2018-12-07 16:03:17
 数字栈:[1.0, 2.0, 30.0, -40.0]
 运算符栈:['-', '*', '(', '(', '+', '(', '/']
 待入栈运算符:5

2018-12-07 16:03:17
 数字栈:[1.0, 2.0, 30.0, -40.0, 5.0]
 运算符栈:['-', '*', '(', '(', '+', '(', '/']
 待入栈运算符:)

2018-12-07 16:03:17
 数字栈:[1.0, 2.0, 30.0, -8.0]
 运算符栈:['-', '*', '(', '(', '+']
 待入栈运算符:*

2018-12-07 16:03:17
 数字栈:[1.0, 2.0, 30.0, -8.0]
 运算符栈:['-', '*', '(', '(', '+', '*']
 待入栈运算符:(

2018-12-07 16:03:17
 数字栈:[1.0, 2.0, 30.0, -8.0]
 运算符栈:['-', '*', '(', '(', '+', '*', '(']
 待入栈运算符:9

2018-12-07 16:03:17
 数字栈:[1.0, 2.0, 30.0, -8.0, 9.0]
 运算符栈:['-', '*', '(', '(', '+', '*', '(']
 待入栈运算符:-

2018-12-07 16:03:17
 数字栈:[1.0, 2.0, 30.0, -8.0, 9.0]
 运算符栈:['-', '*', '(', '(', '+', '*', '(', '-']
 待入栈运算符:2

2018-12-07 16:03:17
 数字栈:[1.0, 2.0, 30.0, -8.0, 9.0, 2.0]
 运算符栈:['-', '*', '(', '(', '+', '*', '(', '-']
 待入栈运算符:*

2018-12-07 16:03:17
 数字栈:[1.0, 2.0, 30.0, -8.0, 9.0, 2.0]
 运算符栈:['-', '*', '(', '(', '+', '*', '(', '-', '*']
 待入栈运算符:5

2018-12-07 16:03:17
 数字栈:[1.0, 2.0, 30.0, -8.0, 9.0, 2.0, 5.0]
 运算符栈:['-', '*', '(', '(', '+', '*', '(', '-', '*']
 待入栈运算符:/

2018-12-07 16:03:17
 数字栈:[1.0, 2.0, 30.0, -8.0, 9.0, 10.0]
 运算符栈:['-', '*', '(', '(', '+', '*', '(', '-', '/']
 待入栈运算符:3

2018-12-07 16:03:17
 数字栈:[1.0, 2.0, 30.0, -8.0, 9.0, 10.0, 3.0]
 运算符栈:['-', '*', '(', '(', '+', '*', '(', '-', '/']
 待入栈运算符:+

2018-12-07 16:03:17
 数字栈:[1.0, 2.0, 30.0, -8.0, 5.666666666666666]
 运算符栈:['-', '*', '(', '(', '+', '*', '(', '+']
 待入栈运算符:7

2018-12-07 16:03:17
 数字栈:[1.0, 2.0, 30.0, -8.0, 5.666666666666666, 7.0]
 运算符栈:['-', '*', '(', '(', '+', '*', '(', '+']
 待入栈运算符:/

2018-12-07 16:03:17
 数字栈:[1.0, 2.0, 30.0, -8.0, 5.666666666666666, 7.0]
 运算符栈:['-', '*', '(', '(', '+', '*', '(', '+', '/']
 待入栈运算符:3

2018-12-07 16:03:17
 数字栈:[1.0, 2.0, 30.0, -8.0, 5.666666666666666, 7.0, 3.0]
 运算符栈:['-', '*', '(', '(', '+', '*', '(', '+', '/']
 待入栈运算符:*

2018-12-07 16:03:17
 数字栈:[1.0, 2.0, 30.0, -8.0, 5.666666666666666, 2.3333333333333335]
 运算符栈:['-', '*', '(', '(', '+', '*', '(', '+', '*']
 待入栈运算符:99

2018-12-07 16:03:17
 数字栈:[1.0, 2.0, 30.0, -8.0, 5.666666666666666, 2.3333333333333335, 99.0]
 运算符栈:['-', '*', '(', '(', '+', '*', '(', '+', '*']
 待入栈运算符:/

2018-12-07 16:03:17
 数字栈:[1.0, 2.0, 30.0, -8.0, 5.666666666666666, 231.00000000000003]
 运算符栈:['-', '*', '(', '(', '+', '*', '(', '+', '/']
 待入栈运算符:4

2018-12-07 16:03:17
 数字栈:[1.0, 2.0, 30.0, -8.0, 5.666666666666666, 231.00000000000003, 4.0]
 运算符栈:['-', '*', '(', '(', '+', '*', '(', '+', '/']
 待入栈运算符:*

2018-12-07 16:03:17
 数字栈:[1.0, 2.0, 30.0, -8.0, 5.666666666666666, 57.75000000000001]
 运算符栈:['-', '*', '(', '(', '+', '*', '(', '+', '*']
 待入栈运算符:2998

2018-12-07 16:03:17
 数字栈:[1.0, 2.0, 30.0, -8.0, 5.666666666666666, 57.75000000000001, 2998.0]
 运算符栈:['-', '*', '(', '(', '+', '*', '(', '+', '*']
 待入栈运算符:+

2018-12-07 16:03:17
 数字栈:[1.0, 2.0, 30.0, -8.0, 173140.1666666667]
 运算符栈:['-', '*', '(', '(', '+', '*', '(', '+']
 待入栈运算符:10

2018-12-07 16:03:17
 数字栈:[1.0, 2.0, 30.0, -8.0, 173140.1666666667, 10.0]
 运算符栈:['-', '*', '(', '(', '+', '*', '(', '+']
 待入栈运算符:*

2018-12-07 16:03:17
 数字栈:[1.0, 2.0, 30.0, -8.0, 173140.1666666667, 10.0]
 运算符栈:['-', '*', '(', '(', '+', '*', '(', '+', '*']
 待入栈运算符:568

2018-12-07 16:03:17
 数字栈:[1.0, 2.0, 30.0, -8.0, 173140.1666666667, 10.0, 568.0]
 运算符栈:['-', '*', '(', '(', '+', '*', '(', '+', '*']
 待入栈运算符:/

2018-12-07 16:03:17
 数字栈:[1.0, 2.0, 30.0, -8.0, 173140.1666666667, 5680.0]
 运算符栈:['-', '*', '(', '(', '+', '*', '(', '+', '/']
 待入栈运算符:14

2018-12-07 16:03:17
 数字栈:[1.0, 2.0, 30.0, -8.0, 173140.1666666667, 5680.0, 14.0]
 运算符栈:['-', '*', '(', '(', '+', '*', '(', '+', '/']
 待入栈运算符:)

2018-12-07 16:03:17
 数字栈:[1.0, 2.0, 30.0, -8.0, 173545.88095238098]
 运算符栈:['-', '*', '(', '(', '+', '*']
 待入栈运算符:)

2018-12-07 16:03:17
 数字栈:[1.0, 2.0, -1388337.0476190478]
 运算符栈:['-', '*', '(']
 待入栈运算符:-

2018-12-07 16:03:17
 数字栈:[1.0, 2.0, -1388337.0476190478]
 运算符栈:['-', '*', '(', '-']
 待入栈运算符:(

2018-12-07 16:03:17
 数字栈:[1.0, 2.0, -1388337.0476190478]
 运算符栈:['-', '*', '(', '-', '(']
 待入栈运算符:-4

2018-12-07 16:03:17
 数字栈:[1.0, 2.0, -1388337.0476190478, -4.0]
 运算符栈:['-', '*', '(', '-', '(']
 待入栈运算符:*

2018-12-07 16:03:17
 数字栈:[1.0, 2.0, -1388337.0476190478, -4.0]
 运算符栈:['-', '*', '(', '-', '(', '*']
 待入栈运算符:3

2018-12-07 16:03:17
 数字栈:[1.0, 2.0, -1388337.0476190478, -4.0, 3.0]
 运算符栈:['-', '*', '(', '-', '(', '*']
 待入栈运算符:)

2018-12-07 16:03:17
 数字栈:[1.0, 2.0, -1388337.0476190478, -12.0]
 运算符栈:['-', '*', '(', '-']
 待入栈运算符:/

2018-12-07 16:03:17
 数字栈:[1.0, 2.0, -1388337.0476190478, -12.0]
 运算符栈:['-', '*', '(', '-', '/']
 待入栈运算符:(

2018-12-07 16:03:17
 数字栈:[1.0, 2.0, -1388337.0476190478, -12.0]
 运算符栈:['-', '*', '(', '-', '/', '(']
 待入栈运算符:16

2018-12-07 16:03:17
 数字栈:[1.0, 2.0, -1388337.0476190478, -12.0, 16.0]
 运算符栈:['-', '*', '(', '-', '/', '(']
 待入栈运算符:-

2018-12-07 16:03:17
 数字栈:[1.0, 2.0, -1388337.0476190478, -12.0, 16.0]
 运算符栈:['-', '*', '(', '-', '/', '(', '-']
 待入栈运算符:3

2018-12-07 16:03:17
 数字栈:[1.0, 2.0, -1388337.0476190478, -12.0, 16.0, 3.0]
 运算符栈:['-', '*', '(', '-', '/', '(', '-']
 待入栈运算符:*

2018-12-07 16:03:17
 数字栈:[1.0, 2.0, -1388337.0476190478, -12.0, 16.0, 3.0]
 运算符栈:['-', '*', '(', '-', '/', '(', '-', '*']
 待入栈运算符:2

2018-12-07 16:03:17
 数字栈:[1.0, 2.0, -1388337.0476190478, -12.0, 16.0, 3.0, 2.0]
 运算符栈:['-', '*', '(', '-', '/', '(', '-', '*']
 待入栈运算符:)

2018-12-07 16:03:17
 数字栈:[1.0, 2.0, -1388337.0476190478, -12.0, 10.0]
 运算符栈:['-', '*', '(', '-', '/']
 待入栈运算符:)
